[35m[Appium][39m Welcome to Appium v1.22.0
[35m[Appium][39m Non-default server args:
[35m[Appium][39m   port: 56064
[35m[Appium][39m   loglevel: info
[35m[Appium][39m   tmpDir: C:\Users\Dermawan\AppData\Local\Temp\\Katalon\Appium\Temp1691879750100
[35m[Appium][39m   chromedriverPort: 56065
[35m[Appium][39m Deprecated server args:
[35m[Appium][39m   [31m--chromedriver-port[39m => --default-capabilities
[35m[Appium][39m Default capabilities, which will be added to each request unless overridden by desired capabilities:
[35m[Appium][39m   chromedriverPort: 56065
[35m[Appium][39m Appium REST http interface listener started on 0.0.0.0:56064
[35m[HTTP][39m [37m-->[39m [37mGET[39m [37m/wd/hub/status[39m
[35m[HTTP][39m [90m{}[39m
[35m[HTTP][39m [37m<-- GET /wd/hub/status [39m[32m200[39m [90m5 ms - 68[39m
[35m[HTTP][39m [90m[39m
[35m[HTTP][39m [37m-->[39m [37mGET[39m [37m/wd/hub/status[39m
[35m[HTTP][39m [90m{}[39m
[35m[HTTP][39m [37m<-- GET /wd/hub/status [39m[32m200[39m [90m1 ms - 68[39m
[35m[HTTP][39m [90m[39m
[35m[HTTP][39m [37m-->[39m [37mPOST[39m [37m/wd/hub/session[39m
[35m[HTTP][39m [90m{"desiredCapabilities":{"app":"C:\\Users\\Dermawan\\Desktop\\Katalon Directory\\dummy\\apps\\DemoAppV2.apk","noReset":true,"deviceName":"Xiaomi M2007J20CG (Android 12)","fullReset":false,"platform":"ANDROID","newCommandTimeout":1800,"platformVersion":"12","automationName":"uiautomator2","autoGrantPermissions":true,"platformName":"Android","udid":"ddc390fb","systemPort":56069},"capabilities":{"firstMatch":[{"appium:app":"C:\\Users\\Dermawan\\Desktop\\Katalon Directory\\dummy\\apps\\DemoAppV2.apk","appium:autoGrantPermissions":true,"appium:automationName":"uiautomator2","appium:deviceName":"Xiaomi M2007J20CG (Android 12)","appium:fullReset":false,"appium:newCommandTimeout":1800,"appium:noReset":true,"platform":"ANDROID","platformName":"android","appium:platformVersion":"12","appium:systemPort":56069,"appium:udid":"ddc390fb"}]}}[39m
[35m[BaseDriver][39m The following capabilities are not standard capabilities and should have an extension prefix:
[35m[BaseDriver][39m   platform
[35m[BaseDriver][39m   chromedriverPort
[35m[Appium][39m Appium v1.22.0 creating new AndroidUiautomator2Driver (v1.69.0) session
[35m[BaseDriver][39m The following capabilities were provided, but are not recognized by Appium:
[35m[BaseDriver][39m   platform
[35m[BaseDriver][39m Session created with session id: 5cf9bba8-0e50-4d2c-8c2a-262dffdcff65
[35m[BaseDriver][39m Using local app 'C:\Users\Dermawan\Desktop\Katalon Directory\dummy\apps\DemoAppV2.apk'
[35m[ADB][39m Found 1 'build-tools' folders under 'C:\Users\Dermawan\.katalon\tools\android_sdk' (newest first):
[35m[ADB][39m     C:/Users/Dermawan/.katalon/tools/android_sdk/build-tools/29.0.3
[35m[ADB][39m Using 'adb.exe' from 'C:\Users\Dermawan\.katalon\tools\android_sdk\platform-tools\adb.exe'
[35m[AndroidDriver][39m Retrieving device list
[35m[AndroidDriver][39m Using device: ddc390fb
[35m[ADB][39m Using 'adb.exe' from 'C:\Users\Dermawan\.katalon\tools\android_sdk\platform-tools\adb.exe'
[35m[ADB][39m Getting device platform version
[35m[UiAutomator2][39m Relaxing hidden api policy
[35m[UiAutomator2][39m Unable to remove system port forward: Error executing adbExec. Original error: 'Command 'C:\\Users\\Dermawan\\.katalon\\tools\\android_sdk\\platform-tools\\adb.exe -P 5037 -s ddc390fb forward --remove tcp\:56069' exited with code 1'; Stderr: 'adb.exe: error: listener 'tcp:56069' not found'; Code: '1'
[35m[UiAutomator2][39m Restoring hidden api policy to the device default configuration
[35m[HTTP][39m [37m<-- POST /wd/hub/session [39m[31m500[39m [90m690 ms - 10461[39m
[35m[HTTP][39m [90m[39m
