[35m[Appium][39m Welcome to Appium v1.22.3
[35m[Appium][39m Non-default server args:
[35m[Appium][39m   port: 51830
[35m[Appium][39m   tmpDir: C:\Users\rizky\AppData\Local\Temp\\Katalon\Appium\Temp1691627980939
[35m[Appium][39m   chromedriverPort: 51831
[35m[Appium][39m Deprecated server args:
[35m[Appium][39m   [31m--chromedriver-port[39m => --default-capabilities
[35m[Appium][39m Default capabilities, which will be added to each request unless overridden by desired capabilities:
[35m[Appium][39m   chromedriverPort: 51831
[35m[Appium][39m Appium REST http interface listener started on 0.0.0.0:51830
[35m[HTTP][39m [37m-->[39m [37mGET[39m [37m/wd/hub/status[39m
[35m[HTTP][39m [90m{}[39m
[debug] [35m[GENERIC][39m Calling AppiumDriver.getStatus() with args: []
[debug] [35m[GENERIC][39m Responding to client with driver.getStatus() result: {"build":{"version":"1.22.3"}}
[35m[HTTP][39m [37m<-- GET /wd/hub/status [39m[32m200[39m [90m6 ms - 68[39m
[35m[HTTP][39m [90m[39m
[35m[HTTP][39m [37m-->[39m [37mPOST[39m [37m/wd/hub/session[39m
[35m[HTTP][39m [90m{"desiredCapabilities":{"app":"C:\\Users\\rizky\\Downloads\\DemoAppV2.apk","noReset":false,"deviceName":"emulator-5554 (sdk_gphone64_x86_64 - Android 14)","fullReset":true,"platform":"ANDROID","newCommandTimeout":1800,"platformVersion":"14","automationName":"uiautomator2","autoGrantPermissions":true,"platformName":"Android","udid":"emulator-5554","systemPort":51829},"capabilities":{"firstMatch":[{"appium:app":"C:\\Users\\rizky\\Downloads\\DemoAppV2.apk","appium:autoGrantPermissions":true,"appium:automationName":"uiautomator2","appium:deviceName":"emulator-5554 (sdk_gphone64_x86_64 - Android 14)","appium:fullReset":true,"appium:newCommandTimeout":1800,"appium:noReset":false,"platform":"ANDROID","platformName":"android","appium:platformVersion":"14","appium:systemPort":51829,"appium:udid":"emulator-5554"}]}}[39m
[debug] [35m[W3C][39m Calling AppiumDriver.createSession() with args: [{"app":"C:\\Users\\rizky\\Downloads\\DemoAppV2.apk","noReset":false,"deviceName":"emulator-5554 (sdk_gphone64_x86_64 - Android 14)","fullReset":true,"platform":"ANDROID","newCommandTimeout":1800,"platformVersion":"14","automationName":"uiautomator2","autoGrantPermissions":true,"platformName":"Android","udid":"emulator-5554","systemPort":51829},null,{"firstMatch":[{"appium:app":"C:\\Users\\rizky\\Downloads\\DemoAppV2.apk","appium:autoGrantPermissions":true,"appium:automationName":"uiautomator2","appium:deviceName":"emulator-5554 (sdk_gphone64_x86_64 - Android 14)","appium:fullReset":true,"appium:newCommandTimeout":1800,"appium:noReset":false,"platform":"ANDROID","platformName":"android","appium:platformVersion":"14","appium:systemPort":51829,"appium:udid":"emulator-5554"}]}]
[debug] [35m[BaseDriver][39m Event 'newSessionRequested' logged at 1691627982150 (07:39:42 GMT+0700 (Western Indonesia Time))
[35m[BaseDriver][39m The following capabilities are not standard capabilities and should have an extension prefix:
[35m[BaseDriver][39m   platform
[35m[BaseDriver][39m   chromedriverPort
[35m[Appium][39m Appium v1.22.3 creating new AndroidUiautomator2Driver (v1.70.1) session
[debug] [35m[BaseDriver][39m W3C capabilities and MJSONWP desired capabilities were provided
[debug] [35m[BaseDriver][39m Creating session with W3C capabilities: {
[debug] [35m[BaseDriver][39m   "alwaysMatch": {
[debug] [35m[BaseDriver][39m     "appium:platform": "ANDROID",
[debug] [35m[BaseDriver][39m     "platformName": "android",
[debug] [35m[BaseDriver][39m     "appium:chromedriverPort": 51831,
[debug] [35m[BaseDriver][39m     "appium:app": "C:\\Users\\rizky\\Downloads\\DemoAppV2.apk",
[debug] [35m[BaseDriver][39m     "appium:autoGrantPermissions": true,
[debug] [35m[BaseDriver][39m     "appium:automationName": "uiautomator2",
[debug] [35m[BaseDriver][39m     "appium:deviceName": "emulator-5554 (sdk_gphone64_x86_64 - Android 14)",
[debug] [35m[BaseDriver][39m     "appium:fullReset": true,
[debug] [35m[BaseDriver][39m     "appium:newCommandTimeout": 1800,
[debug] [35m[BaseDriver][39m     "appium:noReset": false,
[debug] [35m[BaseDriver][39m     "appium:platformVersion": "14",
[debug] [35m[BaseDriver][39m     "appium:systemPort": 51829,
[debug] [35m[BaseDriver][39m     "appium:udid": "emulator-5554"
[debug] [35m[BaseDriver][39m   },
[debug] [35m[BaseDriver][39m   "firstMatch": [
[debug] [35m[BaseDriver][39m     {}
[debug] [35m[BaseDriver][39m   ]
[debug] [35m[BaseDriver][39m }
[35m[BaseDriver][39m The following capabilities were provided, but are not recognized by Appium:
[35m[BaseDriver][39m   platform
[35m[BaseDriver][39m Session created with session id: 41818d2d-6acc-4fc6-9527-60b810ae422c
[35m[BaseDriver][39m Using local app 'C:\Users\rizky\Downloads\DemoAppV2.apk'
[debug] [35m[UiAutomator2][39m Checking whether app is actually present
[35m[ADB][39m Found 1 'build-tools' folders under 'C:\Users\rizky\.katalon\tools\android_sdk' (newest first):
[35m[ADB][39m     C:/Users/rizky/.katalon/tools/android_sdk/build-tools/29.0.3
[35m[ADB][39m Using 'adb.exe' from 'C:\Users\rizky\.katalon\tools\android_sdk\platform-tools\adb.exe'
[debug] [35m[ADB][39m Running 'C:\Users\rizky\.katalon\tools\android_sdk\platform-tools\adb.exe -P 5037 start-server'
[35m[AndroidDriver][39m Retrieving device list
[debug] [35m[ADB][39m Trying to find a connected android device
[debug] [35m[ADB][39m Getting connected devices
[debug] [35m[ADB][39m Connected devices: [{"udid":"emulator-5554","state":"device"}]
[35m[AndroidDriver][39m Using device: emulator-5554
[35m[ADB][39m Using 'adb.exe' from 'C:\Users\rizky\.katalon\tools\android_sdk\platform-tools\adb.exe'
[debug] [35m[ADB][39m Running 'C:\Users\rizky\.katalon\tools\android_sdk\platform-tools\adb.exe -P 5037 start-server'
[debug] [35m[ADB][39m Setting device id to emulator-5554
[debug] [35m[ADB][39m Running 'C:\Users\rizky\.katalon\tools\android_sdk\platform-tools\adb.exe -P 5037 -s emulator-5554 shell getprop ro.build.version.sdk'
[debug] [35m[ADB][39m Current device property 'ro.build.version.sdk': 34
[35m[ADB][39m Getting device platform version
[debug] [35m[ADB][39m Running 'C:\Users\rizky\.katalon\tools\android_sdk\platform-tools\adb.exe -P 5037 -s emulator-5554 shell getprop ro.build.version.release'
[debug] [35m[ADB][39m Current device property 'ro.build.version.release': 14
[debug] [35m[ADB][39m Device API level: 34
[35m[UiAutomator2][39m Relaxing hidden api policy
[debug] [35m[ADB][39m Running 'C:\Users\rizky\.katalon\tools\android_sdk\platform-tools\adb.exe -P 5037 -s emulator-5554 shell 'settings put global hidden_api_policy_pre_p_apps 1;settings put global hidden_api_policy_p_apps 1;settings put global hidden_api_policy 1''
[debug] [35m[AndroidDriver][39m Parsing package and activity from app manifest
[35m[ADB][39m Package name: 'com.codingid.codingidhive.betastaging'
[35m[ADB][39m Main activity name: 'com.codingid.codingidhive.MainActivity'
[debug] [35m[AndroidDriver][39m Parsed package and activity are: com.codingid.codingidhive.betastaging/com.codingid.codingidhive.MainActivity
[debug] [35m[ADB][39m Running 'C:\Users\rizky\.katalon\tools\android_sdk\platform-tools\adb.exe -P 5037 -s emulator-5554 wait-for-device'
[debug] [35m[ADB][39m Running 'C:\Users\rizky\.katalon\tools\android_sdk\platform-tools\adb.exe -P 5037 -s emulator-5554 shell echo ping'
[debug] [35m[AndroidDriver][39m Pushing settings apk to device...
[debug] [35m[ADB][39m Getting install status for io.appium.settings
[debug] [35m[ADB][39m Running 'C:\Users\rizky\.katalon\tools\android_sdk\platform-tools\adb.exe -P 5037 -s emulator-5554 shell dumpsys package io.appium.settings'
[debug] [35m[ADB][39m 'io.appium.settings' is installed
[debug] [35m[ADB][39m Getting package info for 'io.appium.settings'
[debug] [35m[ADB][39m Running 'C:\Users\rizky\.katalon\tools\android_sdk\platform-tools\adb.exe -P 5037 -s emulator-5554 shell dumpsys package io.appium.settings'
[debug] [35m[ADB][39m The version name of the installed 'io.appium.settings' is greater or equal to the application version name ('3.4.0' >= '3.4.0')
[debug] [35m[ADB][39m There is no need to install/upgrade 'C:\Users\rizky\AppData\Roaming\npm\node_modules\appium\node_modules\io.appium.settings\apks\settings_apk-debug.apk'
[debug] [35m[ADB][39m Getting IDs of all 'io.appium.settings' processes
[debug] [35m[ADB][39m Running 'C:\Users\rizky\.katalon\tools\android_sdk\platform-tools\adb.exe -P 5037 -s emulator-5554 shell 'pgrep --help; echo $?''
[debug] [35m[ADB][39m Running 'C:\Users\rizky\.katalon\tools\android_sdk\platform-tools\adb.exe -P 5037 -s emulator-5554 shell pgrep -f \(\[\[:blank:\]\]\|\^\)io\.appium\.settings\(\[\[:blank:\]\]\|\$\)'
[debug] [35m[AndroidDriver][39m io.appium.settings is already running. There is no need to reset its permissions.
[debug] [35m[Logcat][39m Starting logs capture with command: C:\\Users\\rizky\\.katalon\\tools\\android_sdk\\platform-tools\\adb.exe -P 5037 -s emulator-5554 logcat -v threadtime
[debug] [35m[UiAutomator2][39m Forwarding UiAutomator2 Server port 6790 to local port 51829
[debug] [35m[ADB][39m Forwarding system: 51829 to device: 6790
[debug] [35m[ADB][39m Running 'C:\Users\rizky\.katalon\tools\android_sdk\platform-tools\adb.exe -P 5037 -s emulator-5554 forward tcp:51829 tcp:6790'
[debug] [35m[ADB][39m Getting install status for io.appium.uiautomator2.server
[debug] [35m[ADB][39m Running 'C:\Users\rizky\.katalon\tools\android_sdk\platform-tools\adb.exe -P 5037 -s emulator-5554 shell dumpsys package io.appium.uiautomator2.server'
[debug] [35m[ADB][39m 'io.appium.uiautomator2.server' is installed
[debug] [35m[ADB][39m Getting package info for 'io.appium.uiautomator2.server'
[debug] [35m[ADB][39m Running 'C:\Users\rizky\.katalon\tools\android_sdk\platform-tools\adb.exe -P 5037 -s emulator-5554 shell dumpsys package io.appium.uiautomator2.server'
[debug] [35m[ADB][39m The version name of the installed 'io.appium.uiautomator2.server' is greater or equal to the application version name ('4.27.0' >= '4.27.0')
[debug] [35m[UiAutomator2][39m io.appium.uiautomator2.server installation state: sameVersionInstalled
[debug] [35m[ADB][39m Checking app cert for C:\Users\rizky\AppData\Roaming\npm\node_modules\appium\node_modules\appium-uiautomator2-server\apks\appium-uiautomator2-server-v4.27.0.apk
[35m[ADB][39m Using 'apksigner.jar' from 'C:\Users\rizky\.katalon\tools\android_sdk\build-tools\29.0.3\lib\apksigner.jar'
[debug] [35m[ADB][39m Starting apksigner: 'C:\\Users\\rizky\\Katalon Studio\\jre\\bin\\java.exe' -Xmx1024M -Xss1m -jar C:\\Users\\rizky\\.katalon\\tools\\android_sdk\\build-tools\\29.0.3\\lib\\apksigner.jar verify --print-certs C:\\Users\\rizky\\AppData\\Roaming\\npm\\node_modules\\appium\\node_modules\\appium-uiautomator2-server\\apks\\appium-uiautomator2-server-v4.27.0.apk
[debug] [35m[ADB][39m apksigner stdout: Signer #1 certificate DN: EMAILADDRESS=android@android.com, CN=Android, OU=Android, O=Android, L=Mountain View, ST=California, C=US
[debug] [35m[ADB][39m Signer #1 certificate SHA-256 digest: a40da80a59d170caa950cf15c18c454d47a39b26989d8b640ecd745ba71bf5dc
[debug] [35m[ADB][39m Signer #1 certificate SHA-1 digest: 61ed377e85d386a8dfee6b864bd85b0bfaa5af81
[debug] [35m[ADB][39m Signer #1 certificate MD5 digest: e89b158e4bcf988ebd09eb83f5378e87
[debug] [35m[ADB][39m 
[debug] [35m[ADB][39m sha256 hash did match for 'appium-uiautomator2-server-v4.27.0.apk'
[35m[ADB][39m 'C:\Users\rizky\AppData\Roaming\npm\node_modules\appium\node_modules\appium-uiautomator2-server\apks\appium-uiautomator2-server-v4.27.0.apk' is signed with the default certificate
[debug] [35m[ADB][39m Getting install status for io.appium.uiautomator2.server.test
[debug] [35m[ADB][39m Running 'C:\Users\rizky\.katalon\tools\android_sdk\platform-tools\adb.exe -P 5037 -s emulator-5554 shell dumpsys package io.appium.uiautomator2.server.test'
[debug] [35m[ADB][39m 'io.appium.uiautomator2.server.test' is installed
[debug] [35m[ADB][39m Checking app cert for C:\Users\rizky\AppData\Roaming\npm\node_modules\appium\node_modules\appium-uiautomator2-server\apks\appium-uiautomator2-server-debug-androidTest.apk
[debug] [35m[ADB][39m Starting apksigner: 'C:\\Users\\rizky\\Katalon Studio\\jre\\bin\\java.exe' -Xmx1024M -Xss1m -jar C:\\Users\\rizky\\.katalon\\tools\\android_sdk\\build-tools\\29.0.3\\lib\\apksigner.jar verify --print-certs C:\\Users\\rizky\\AppData\\Roaming\\npm\\node_modules\\appium\\node_modules\\appium-uiautomator2-server\\apks\\appium-uiautomator2-server-debug-androidTest.apk
[debug] [35m[ADB][39m apksigner stdout: Signer #1 certificate DN: EMAILADDRESS=android@android.com, CN=Android, OU=Android, O=Android, L=Mountain View, ST=California, C=US
[debug] [35m[ADB][39m Signer #1 certificate SHA-256 digest: a40da80a59d170caa950cf15c18c454d47a39b26989d8b640ecd745ba71bf5dc
[debug] [35m[ADB][39m Signer #1 certificate SHA-1 digest: 61ed377e85d386a8dfee6b864bd85b0bfaa5af81
[debug] [35m[ADB][39m Signer #1 certificate MD5 digest: e89b158e4bcf988ebd09eb83f5378e87
[debug] [35m[ADB][39m 
[debug] [35m[ADB][39m sha256 hash did match for 'appium-uiautomator2-server-debug-androidTest.apk'
[35m[ADB][39m 'C:\Users\rizky\AppData\Roaming\npm\node_modules\appium\node_modules\appium-uiautomator2-server\apks\appium-uiautomator2-server-debug-androidTest.apk' is signed with the default certificate
[35m[UiAutomator2][39m Server packages are not going to be (re)installed
[debug] [35m[UiAutomator2][39m Waiting up to 30000ms for services to be available
[debug] [35m[ADB][39m Running 'C:\Users\rizky\.katalon\tools\android_sdk\platform-tools\adb.exe -P 5037 -s emulator-5554 shell pm list instrumentation'
[debug] [35m[UiAutomator2][39m Instrumentation target 'io.appium.uiautomator2.server.test/androidx.test.runner.AndroidJUnitRunner' is available
[35m[ADB][39m Adding packages ["io.appium.settings","io.appium.uiautomator2.server","io.appium.uiautomator2.server.test"] to Doze whitelist
[debug] [35m[ADB][39m Got the following command chunks to execute: [["dumpsys","deviceidle","whitelist","+io.appium.settings",";","dumpsys","deviceidle","whitelist","+io.appium.uiautomator2.server",";","dumpsys","deviceidle","whitelist","+io.appium.uiautomator2.server.test",";"]]
[debug] [35m[ADB][39m Running 'C:\Users\rizky\.katalon\tools\android_sdk\platform-tools\adb.exe -P 5037 -s emulator-5554 shell dumpsys deviceidle whitelist +io.appium.settings ; dumpsys deviceidle whitelist +io.appium.uiautomator2.server ; dumpsys deviceidle whitelist +io.appium.uiautomator2.server.test ;'
[debug] [35m[ADB][39m Checking app cert for C:\Users\rizky\Downloads\DemoAppV2.apk
[debug] [35m[ADB][39m Starting apksigner: 'C:\\Users\\rizky\\Katalon Studio\\jre\\bin\\java.exe' -Xmx1024M -Xss1m -jar C:\\Users\\rizky\\.katalon\\tools\\android_sdk\\build-tools\\29.0.3\\lib\\apksigner.jar verify --print-certs C:\\Users\\rizky\\Downloads\\DemoAppV2.apk
[debug] [35m[ADB][39m apksigner stdout: Signer #1 certificate DN: CN=codingID Beta, OU=CodingIDBeta, O=CodingIDBeta, L=Tangerang, ST=Tangerang, C=62
[debug] [35m[ADB][39m Signer #1 certificate SHA-256 digest: 102e9f5d054f47345ad400cbcf087a8726532b9abe88ff2c406502a62d27ce8b
[debug] [35m[ADB][39m Signer #1 certificate SHA-1 digest: ec2f2df52a21ff343a0c6046e543450747a47e80
[debug] [35m[ADB][39m Signer #1 certificate MD5 digest: 897a1a7e8da5925f6340d8a07e921d8d
[debug] [35m[ADB][39m 
[35m[ADB][39m 'C:\Users\rizky\Downloads\DemoAppV2.apk' is signed with a non-default certificate
[debug] [35m[ADB][39m Uninstalling com.codingid.codingidhive.betastaging
[debug] [35m[ADB][39m Getting install status for com.codingid.codingidhive.betastaging
[debug] [35m[ADB][39m Running 'C:\Users\rizky\.katalon\tools\android_sdk\platform-tools\adb.exe -P 5037 -s emulator-5554 shell dumpsys package com.codingid.codingidhive.betastaging'
[debug] [35m[ADB][39m 'com.codingid.codingidhive.betastaging' is not installed
[35m[ADB][39m com.codingid.codingidhive.betastaging was not uninstalled, because it was not present on the device
[debug] [35m[ADB][39m Getting install status for com.codingid.codingidhive.betastaging
[debug] [35m[ADB][39m Running 'C:\Users\rizky\.katalon\tools\android_sdk\platform-tools\adb.exe -P 5037 -s emulator-5554 shell dumpsys package com.codingid.codingidhive.betastaging'
[debug] [35m[ADB][39m 'com.codingid.codingidhive.betastaging' is not installed
[debug] [35m[AndroidDriver][39m Running full reset on 'com.codingid.codingidhive.betastaging' (reinstall)
[debug] [35m[ADB][39m Running 'C:\Users\rizky\.katalon\tools\android_sdk\platform-tools\adb.exe -P 5037 -s emulator-5554 help'
[debug] [35m[ADB][39m Running 'C:\Users\rizky\.katalon\tools\android_sdk\platform-tools\adb.exe -P 5037 -s emulator-5554 features'
[35m[ADB][39m The application at 'C:\Users\rizky\Downloads\DemoAppV2.apk' will not be cached, because the device under test has confirmed the support of streamed installs
[debug] [35m[ADB][39m Running 'C:\Users\rizky\.katalon\tools\android_sdk\platform-tools\adb.exe -P 5037 -s emulator-5554 install -r -g C:\Users\rizky\Downloads\DemoAppV2.apk'
[35m[ADB][39m The installation of 'DemoAppV2.apk' took 2026ms
[debug] [35m[ADB][39m Install command stdout: Performing Streamed Install
[debug] [35m[ADB][39m Success
[debug] [35m[UiAutomator2][39m Performing shallow cleanup of automation leftovers
[debug] [35m[UiAutomator2][39m No obsolete sessions have been detected (socket hang up)
[debug] [35m[ADB][39m Running 'C:\Users\rizky\.katalon\tools\android_sdk\platform-tools\adb.exe -P 5037 -s emulator-5554 shell am force-stop io.appium.uiautomator2.server.test'
[35m[UiAutomator2][39m Starting UIAutomator2 server 4.27.0
[35m[UiAutomator2][39m Using UIAutomator2 server from 'C:\Users\rizky\AppData\Roaming\npm\node_modules\appium\node_modules\appium-uiautomator2-server\apks\appium-uiautomator2-server-v4.27.0.apk' and test from 'C:\Users\rizky\AppData\Roaming\npm\node_modules\appium\node_modules\appium-uiautomator2-server\apks\appium-uiautomator2-server-debug-androidTest.apk'
[35m[UiAutomator2][39m Waiting up to 30000ms for UiAutomator2 to be online...
[debug] [35m[ADB][39m Creating ADB subprocess with args: ["-P",5037,"-s","emulator-5554","shell","am","instrument","-w","-e","disableAnalytics",true,"io.appium.uiautomator2.server.test/androidx.test.runner.AndroidJUnitRunner"]
[debug] [35m[WD Proxy][39m Matched '/status' to command name 'getStatus'
[debug] [35m[WD Proxy][39m Proxying [GET /status] to [GET http://127.0.0.1:51829/wd/hub/status] with no body
[35m[WD Proxy][39m socket hang up
[35m[HTTP][39m [37m<-- POST /wd/hub/session [39m[32m-[39m [90m- ms - -[39m
[35m[HTTP][39m [90m[39m
[debug] [35m[Instrumentation][39m io.appium.uiautomator2.server.test.AppiumUiAutomator2Server:
[debug] [35m[WD Proxy][39m Matched '/status' to command name 'getStatus'
[debug] [35m[WD Proxy][39m Proxying [GET /status] to [GET http://127.0.0.1:51829/wd/hub/status] with no body
[35m[WD Proxy][39m socket hang up
[debug] [35m[WD Proxy][39m Matched '/status' to command name 'getStatus'
[debug] [35m[WD Proxy][39m Proxying [GET /status] to [GET http://127.0.0.1:51829/wd/hub/status] with no body
[35m[WD Proxy][39m socket hang up
[debug] [35m[WD Proxy][39m Matched '/status' to command name 'getStatus'
[debug] [35m[WD Proxy][39m Proxying [GET /status] to [GET http://127.0.0.1:51829/wd/hub/status] with no body
[debug] [35m[WD Proxy][39m Got response with status 200: {"sessionId":"None","value":{"message":"UiAutomator2 Server is ready to accept commands","ready":true}}
[debug] [35m[UiAutomator2][39m The initialization of the instrumentation process took 3137ms
[debug] [35m[WD Proxy][39m Matched '/session' to command name 'createSession'
[debug] [35m[WD Proxy][39m Proxying [POST /session] to [POST http://127.0.0.1:51829/wd/hub/session] with body: {"capabilities":{"firstMatch":[{"platform":"ANDROID","webStorageEnabled":false,"takesScreenshot":true,"javascriptEnabled":true,"databaseEnabled":false,"networkConnectionEnabled":true,"locationContextEnabled":false,"warnings":{},"desired":{"platformName":"android","platform":"ANDROID","chromedriverPort":51831,"app":"C:\\Users\\rizky\\Downloads\\DemoAppV2.apk","autoGrantPermissions":true,"automationName":"uiautomator2","deviceName":"emulator-5554 (sdk_gphone64_x86_64 - Android 14)","fullReset":true,"newCommandTimeout":1800,"noReset":false,"platformVersion":"14","systemPort":51829,"udid":"emulator-5554"},"platformName":"android","chromedriverPort":51831,"app":"C:\\Users\\rizky\\Downloads\\DemoAppV2.apk","autoGrantPermissions":true,"automationName":"uiautomator2","deviceName":"emulator-5554","fullReset":true,"newCommandTimeout":1800,"noReset":false,"platformVersion":"14","systemPort":51829,"udid":"emulator-5554","deviceUDID":"emulator-5554","appPackage":"com.codingid.codingidhive.betastaging"}],"alwaysMatch":{}}}
[debug] [35m[WD Proxy][39m Got response with status 200: {"sessionId":"43e7d15d-7e99-43cd-a94b-9aec68fc70d2","value":{"capabilities":{"firstMatch":[{"platform":"ANDROID","webStorageEnabled":false,"takesScreenshot":true,"javascriptEnabled":true,"databaseEnabled":false,"networkConnectionEnabled":true,"locationContextEnabled":false,"warnings":{},"desired":{"platformName":"android","platform":"ANDROID","chromedriverPort":51831,"app":"C:\\Users\\rizky\\Downloads\\DemoAppV2.apk","autoGrantPermissions":true,"automationName":"uiautomator2","deviceName":"emulator-5554 (sdk_gphone64_x86_64 - Android 14)","fullReset":true,"newCommandTimeout":1800,"noReset":false,"platformVersion":"14","systemPort":51829,"udid":"emulator-5554"},"platformName":"android","chromedriverPort":51831,"app":"C:\\Users\\rizky\\Downloads\\DemoAppV2.apk","autoGrantPermissions":true,"automationName":"uiautomator2","deviceName":"emulator-5554","fullReset":true,"newCommandTimeout":1800,"noReset":false,"platformVersion":"14","systemPort":51829,"udid":"emulator-5554","deviceUDID":"emulator-5554","appPackag...
[35m[WD Proxy][39m Determined the downstream protocol as 'W3C'
[debug] [35m[WD Proxy][39m Proxying [GET /appium/device/info] to [GET http://127.0.0.1:51829/wd/hub/session/43e7d15d-7e99-43cd-a94b-9aec68fc70d2/appium/device/info] with no body
[debug] [35m[WD Proxy][39m Got response with status 200: {"sessionId":"43e7d15d-7e99-43cd-a94b-9aec68fc70d2","value":{"androidId":"8414d72ffe7e7b40","apiVersion":"34","bluetooth":{"state":"ON"},"brand":"google","carrierName":"T-Mobile","displayDensity":560,"locale":"en_US","manufacturer":"Google","model":"sdk_gphone64_x86_64","networks":[{"capabilities":{"SSID":null,"linkDownBandwidthKbps":30000,"linkUpstreamBandwidthKbps":12000,"networkCapabilities":"NET_CAPABILITY_NOT_METERED,NET_CAPABILITY_INTERNET,NET_CAPABILITY_NOT_RESTRICTED,NET_CAPABILITY_TRUSTED,NET_CAPABILITY_NOT_VPN,NET_CAPABILITY_VALIDATED,NET_CAPABILITY_NOT_ROAMING,NET_CAPABILITY_FOREGROUND,NET_CAPABILITY_NOT_CONGESTED,NET_CAPABILITY_NOT_SUSPENDED","signalStrength":-50,"transportTypes":"TRANSPORT_WIFI"},"detailedState":"CONNECTED","extraInfo":"","isAvailable":true,"isConnected":true,"isFailover":false,"isRoaming":false,"state":"CONNECTED","subtype":-1,"subtypeName":"","type":1,"typeName":"WIFI"},{"capabilities":{"SSID":null,"linkDownBandwidthKbps":4300,"linkUpstreamBandwidthKbps":1800,"networkCapabil...
[debug] [35m[ADB][39m Running 'C:\Users\rizky\.katalon\tools\android_sdk\platform-tools\adb.exe -P 5037 -s emulator-5554 shell dumpsys window'
[35m[AndroidDriver][39m Screen already unlocked, doing nothing
[35m[UiAutomator2][39m Starting 'com.codingid.codingidhive.betastaging/com.codingid.codingidhive.MainActivity and waiting for 'com.codingid.codingidhive.betastaging/com.codingid.codingidhive.MainActivity'
[debug] [35m[ADB][39m Running 'C:\Users\rizky\.katalon\tools\android_sdk\platform-tools\adb.exe -P 5037 -s emulator-5554 shell am start -W -n com.codingid.codingidhive.betastaging/com.codingid.codingidhive.MainActivity -S -a android.intent.action.MAIN -c android.intent.category.LAUNCHER -f 0x10200000'
[debug] [35m[ADB][39m Waiting up to 20000ms for activity matching pkg: 'com.codingid.codingidhive.betastaging' and activity: 'com.codingid.codingidhive.MainActivity' to be focused
[debug] [35m[ADB][39m Possible activities, to be checked: 'com.codingid.codingidhive.MainActivity', 'com.codingid.codingidhive.betastaging.com.codingid.codingidhive.MainActivity'
[debug] [35m[ADB][39m Getting focused package and activity
[debug] [35m[ADB][39m Running 'C:\Users\rizky\.katalon\tools\android_sdk\platform-tools\adb.exe -P 5037 -s emulator-5554 shell dumpsys window displays'
[debug] [35m[ADB][39m Found package: 'com.codingid.codingidhive.betastaging' and fully qualified activity name : 'com.codingid.codingidhive.MainActivity'
[debug] [35m[WD Proxy][39m Proxying [GET /appium/device/pixel_ratio] to [GET http://127.0.0.1:51829/wd/hub/session/43e7d15d-7e99-43cd-a94b-9aec68fc70d2/appium/device/pixel_ratio] with no body
[debug] [35m[WD Proxy][39m Got response with status 200: {"sessionId":"43e7d15d-7e99-43cd-a94b-9aec68fc70d2","value":3.5}
[debug] [35m[WD Proxy][39m Matched '/appium/device/system_bars' to command name 'getSystemBars'
[debug] [35m[WD Proxy][39m Proxying [GET /appium/device/system_bars] to [GET http://127.0.0.1:51829/wd/hub/session/43e7d15d-7e99-43cd-a94b-9aec68fc70d2/appium/device/system_bars] with no body
[debug] [35m[WD Proxy][39m Got response with status 200: {"sessionId":"43e7d15d-7e99-43cd-a94b-9aec68fc70d2","value":{"statusBar":144}}
[debug] [35m[WD Proxy][39m Matched '/window/current/size' to command name 'getWindowSize'
[debug] [35m[WD Proxy][39m Proxying [GET /window/current/size] to [GET http://127.0.0.1:51829/wd/hub/session/43e7d15d-7e99-43cd-a94b-9aec68fc70d2/window/current/size] with no body
[debug] [35m[WD Proxy][39m Got response with status 200: {"sessionId":"43e7d15d-7e99-43cd-a94b-9aec68fc70d2","value":{"height":2892,"width":1440}}
[35m[Appium][39m New AndroidUiautomator2Driver session created successfully, session 41818d2d-6acc-4fc6-9527-60b810ae422c added to master session list
[debug] [35m[BaseDriver][39m Event 'newSessionStarted' logged at 1691627992179 (07:39:52 GMT+0700 (Western Indonesia Time))
[debug] [35m[W3C (41818d2d)][39m Cached the protocol value 'W3C' for the new session 41818d2d-6acc-4fc6-9527-60b810ae422c
[debug] [35m[W3C (41818d2d)][39m Responding to client with driver.createSession() result: {"capabilities":{"platform":"ANDROID","webStorageEnabled":false,"takesScreenshot":true,"javascriptEnabled":true,"databaseEnabled":false,"networkConnectionEnabled":true,"locationContextEnabled":false,"warnings":{},"desired":{"platformName":"android","platform":"ANDROID","chromedriverPort":51831,"app":"C:\\Users\\rizky\\Downloads\\DemoAppV2.apk","autoGrantPermissions":true,"automationName":"uiautomator2","deviceName":"emulator-5554 (sdk_gphone64_x86_64 - Android 14)","fullReset":true,"newCommandTimeout":1800,"noReset":false,"platformVersion":"14","systemPort":51829,"udid":"emulator-5554"},"platformName":"android","chromedriverPort":51831,"app":"C:\\Users\\rizky\\Downloads\\DemoAppV2.apk","autoGrantPermissions":true,"automationName":"uiautomator2","deviceName":"emulator-5554","fullReset":true,"newCommandTimeout":1800,"noReset":false,"platformVersion":"14","systemPort":51829,"udid":"emulator-5554","deviceUDID":"emulator-5554","appPackage":"com.codingid.codingidhive.betastaging","deviceApiLevel":34,"deviceScree...
[debug] [35m[Instrumentation][39m .
[debug] [35m[Instrumentation][39m Time: 135.36
[debug] [35m[Instrumentation][39m 
[debug] [35m[Instrumentation][39m OK (1 test)
[debug] [35m[Instrumentation][39m The process has exited with code 0
