[35m[Appium][39m Welcome to Appium v1.22.3
[35m[Appium][39m Non-default server args:
[35m[Appium][39m   port: 51517
[35m[Appium][39m   tmpDir: C:\Users\rizky\AppData\Local\Temp\\Katalon\Appium\Temp1692112708730
[35m[Appium][39m   chromedriverPort: 51518
[35m[Appium][39m Deprecated server args:
[35m[Appium][39m   [31m--chromedriver-port[39m => --default-capabilities
[35m[Appium][39m Default capabilities, which will be added to each request unless overridden by desired capabilities:
[35m[Appium][39m   chromedriverPort: 51518
[35m[Appium][39m Appium REST http interface listener started on 0.0.0.0:51517
[35m[HTTP][39m [37m-->[39m [37mGET[39m [37m/wd/hub/status[39m
[35m[HTTP][39m [90m{}[39m
[debug] [35m[GENERIC][39m Calling AppiumDriver.getStatus() with args: []
[debug] [35m[GENERIC][39m Responding to client with driver.getStatus() result: {"build":{"version":"1.22.3"}}
[35m[HTTP][39m [37m<-- GET /wd/hub/status [39m[32m200[39m [90m4 ms - 68[39m
[35m[HTTP][39m [90m[39m
[35m[HTTP][39m [37m-->[39m [37mPOST[39m [37m/wd/hub/session[39m
[35m[HTTP][39m [90m{"desiredCapabilities":{"app":"C:\\Users\\rizky\\Downloads\\DemoAppV2.apk","noReset":false,"deviceName":"emulator-5556 (sdk_gphone64_x86_64 - Android 14)","fullReset":true,"platform":"ANDROID","newCommandTimeout":1800,"platformVersion":"14","automationName":"uiautomator2","autoGrantPermissions":true,"platformName":"Android","udid":"emulator-5556","systemPort":51516},"capabilities":{"firstMatch":[{"appium:app":"C:\\Users\\rizky\\Downloads\\DemoAppV2.apk","appium:autoGrantPermissions":true,"appium:automationName":"uiautomator2","appium:deviceName":"emulator-5556 (sdk_gphone64_x86_64 - Android 14)","appium:fullReset":true,"appium:newCommandTimeout":1800,"appium:noReset":false,"platform":"ANDROID","platformName":"android","appium:platformVersion":"14","appium:systemPort":51516,"appium:udid":"emulator-5556"}]}}[39m
[debug] [35m[W3C][39m Calling AppiumDriver.createSession() with args: [{"app":"C:\\Users\\rizky\\Downloads\\DemoAppV2.apk","noReset":false,"deviceName":"emulator-5556 (sdk_gphone64_x86_64 - Android 14)","fullReset":true,"platform":"ANDROID","newCommandTimeout":1800,"platformVersion":"14","automationName":"uiautomator2","autoGrantPermissions":true,"platformName":"Android","udid":"emulator-5556","systemPort":51516},null,{"firstMatch":[{"appium:app":"C:\\Users\\rizky\\Downloads\\DemoAppV2.apk","appium:autoGrantPermissions":true,"appium:automationName":"uiautomator2","appium:deviceName":"emulator-5556 (sdk_gphone64_x86_64 - Android 14)","appium:fullReset":true,"appium:newCommandTimeout":1800,"appium:noReset":false,"platform":"ANDROID","platformName":"android","appium:platformVersion":"14","appium:systemPort":51516,"appium:udid":"emulator-5556"}]}]
[debug] [35m[BaseDriver][39m Event 'newSessionRequested' logged at 1692112709897 (22:18:29 GMT+0700 (Western Indonesia Time))
[35m[BaseDriver][39m The following capabilities are not standard capabilities and should have an extension prefix:
[35m[BaseDriver][39m   platform
[35m[BaseDriver][39m   chromedriverPort
[35m[Appium][39m Appium v1.22.3 creating new AndroidUiautomator2Driver (v1.70.1) session
[debug] [35m[BaseDriver][39m W3C capabilities and MJSONWP desired capabilities were provided
[debug] [35m[BaseDriver][39m Creating session with W3C capabilities: {
[debug] [35m[BaseDriver][39m   "alwaysMatch": {
[debug] [35m[BaseDriver][39m     "appium:platform": "ANDROID",
[debug] [35m[BaseDriver][39m     "platformName": "android",
[debug] [35m[BaseDriver][39m     "appium:chromedriverPort": 51518,
[debug] [35m[BaseDriver][39m     "appium:app": "C:\\Users\\rizky\\Downloads\\DemoAppV2.apk",
[debug] [35m[BaseDriver][39m     "appium:autoGrantPermissions": true,
[debug] [35m[BaseDriver][39m     "appium:automationName": "uiautomator2",
[debug] [35m[BaseDriver][39m     "appium:deviceName": "emulator-5556 (sdk_gphone64_x86_64 - Android 14)",
[debug] [35m[BaseDriver][39m     "appium:fullReset": true,
[debug] [35m[BaseDriver][39m     "appium:newCommandTimeout": 1800,
[debug] [35m[BaseDriver][39m     "appium:noReset": false,
[debug] [35m[BaseDriver][39m     "appium:platformVersion": "14",
[debug] [35m[BaseDriver][39m     "appium:systemPort": 51516,
[debug] [35m[BaseDriver][39m     "appium:udid": "emulator-5556"
[debug] [35m[BaseDriver][39m   },
[debug] [35m[BaseDriver][39m   "firstMatch": [
[debug] [35m[BaseDriver][39m     {}
[debug] [35m[BaseDriver][39m   ]
[debug] [35m[BaseDriver][39m }
[35m[BaseDriver][39m The following capabilities were provided, but are not recognized by Appium:
[35m[BaseDriver][39m   platform
[35m[BaseDriver][39m Session created with session id: 294381e7-0c32-4418-b284-d65c3755c505
[35m[BaseDriver][39m Using local app 'C:\Users\rizky\Downloads\DemoAppV2.apk'
[debug] [35m[UiAutomator2][39m Checking whether app is actually present
[35m[ADB][39m Found 1 'build-tools' folders under 'C:\Users\rizky\.katalon\tools\android_sdk' (newest first):
[35m[ADB][39m     C:/Users/rizky/.katalon/tools/android_sdk/build-tools/29.0.3
[35m[ADB][39m Using 'adb.exe' from 'C:\Users\rizky\.katalon\tools\android_sdk\platform-tools\adb.exe'
[debug] [35m[ADB][39m Running 'C:\Users\rizky\.katalon\tools\android_sdk\platform-tools\adb.exe -P 5037 start-server'
[35m[AndroidDriver][39m Retrieving device list
[debug] [35m[ADB][39m Trying to find a connected android device
[debug] [35m[ADB][39m Getting connected devices
[debug] [35m[ADB][39m Connected devices: [{"udid":"emulator-5554","state":"device"},{"udid":"emulator-5556","state":"device"}]
[35m[AndroidDriver][39m Using device: emulator-5556
[35m[ADB][39m Using 'adb.exe' from 'C:\Users\rizky\.katalon\tools\android_sdk\platform-tools\adb.exe'
[debug] [35m[ADB][39m Running 'C:\Users\rizky\.katalon\tools\android_sdk\platform-tools\adb.exe -P 5037 start-server'
[debug] [35m[ADB][39m Setting device id to emulator-5556
[debug] [35m[ADB][39m Running 'C:\Users\rizky\.katalon\tools\android_sdk\platform-tools\adb.exe -P 5037 -s emulator-5556 shell getprop ro.build.version.sdk'
[debug] [35m[ADB][39m Current device property 'ro.build.version.sdk': 34
[35m[ADB][39m Getting device platform version
[debug] [35m[ADB][39m Running 'C:\Users\rizky\.katalon\tools\android_sdk\platform-tools\adb.exe -P 5037 -s emulator-5556 shell getprop ro.build.version.release'
[debug] [35m[ADB][39m Current device property 'ro.build.version.release': 14
[debug] [35m[ADB][39m Device API level: 34
[35m[UiAutomator2][39m Relaxing hidden api policy
[debug] [35m[ADB][39m Running 'C:\Users\rizky\.katalon\tools\android_sdk\platform-tools\adb.exe -P 5037 -s emulator-5556 shell 'settings put global hidden_api_policy_pre_p_apps 1;settings put global hidden_api_policy_p_apps 1;settings put global hidden_api_policy 1''
[debug] [35m[AndroidDriver][39m Parsing package and activity from app manifest
[35m[ADB][39m Package name: 'com.codingid.codingidhive.betastaging'
[35m[ADB][39m Main activity name: 'com.codingid.codingidhive.MainActivity'
[debug] [35m[AndroidDriver][39m Parsed package and activity are: com.codingid.codingidhive.betastaging/com.codingid.codingidhive.MainActivity
[debug] [35m[ADB][39m Running 'C:\Users\rizky\.katalon\tools\android_sdk\platform-tools\adb.exe -P 5037 -s emulator-5556 wait-for-device'
[debug] [35m[ADB][39m Running 'C:\Users\rizky\.katalon\tools\android_sdk\platform-tools\adb.exe -P 5037 -s emulator-5556 shell echo ping'
[debug] [35m[AndroidDriver][39m Pushing settings apk to device...
[debug] [35m[ADB][39m Getting install status for io.appium.settings
[debug] [35m[ADB][39m Running 'C:\Users\rizky\.katalon\tools\android_sdk\platform-tools\adb.exe -P 5037 -s emulator-5556 shell dumpsys package io.appium.settings'
[debug] [35m[ADB][39m 'io.appium.settings' is installed
[debug] [35m[ADB][39m Getting package info for 'io.appium.settings'
[debug] [35m[ADB][39m Running 'C:\Users\rizky\.katalon\tools\android_sdk\platform-tools\adb.exe -P 5037 -s emulator-5556 shell dumpsys package io.appium.settings'
[debug] [35m[ADB][39m The version name of the installed 'io.appium.settings' is greater or equal to the application version name ('3.4.0' >= '3.4.0')
[debug] [35m[ADB][39m There is no need to install/upgrade 'C:\Users\rizky\AppData\Roaming\npm\node_modules\appium\node_modules\io.appium.settings\apks\settings_apk-debug.apk'
[debug] [35m[ADB][39m Getting IDs of all 'io.appium.settings' processes
[debug] [35m[ADB][39m Running 'C:\Users\rizky\.katalon\tools\android_sdk\platform-tools\adb.exe -P 5037 -s emulator-5556 shell 'pgrep --help; echo $?''
[debug] [35m[ADB][39m Running 'C:\Users\rizky\.katalon\tools\android_sdk\platform-tools\adb.exe -P 5037 -s emulator-5556 shell pgrep -f \(\[\[:blank:\]\]\|\^\)io\.appium\.settings\(\[\[:blank:\]\]\|\$\)'
[debug] [35m[AndroidDriver][39m io.appium.settings is already running. There is no need to reset its permissions.
[debug] [35m[Logcat][39m Starting logs capture with command: C:\\Users\\rizky\\.katalon\\tools\\android_sdk\\platform-tools\\adb.exe -P 5037 -s emulator-5556 logcat -v threadtime
[debug] [35m[UiAutomator2][39m Forwarding UiAutomator2 Server port 6790 to local port 51516
[debug] [35m[ADB][39m Forwarding system: 51516 to device: 6790
[debug] [35m[ADB][39m Running 'C:\Users\rizky\.katalon\tools\android_sdk\platform-tools\adb.exe -P 5037 -s emulator-5556 forward tcp:51516 tcp:6790'
[debug] [35m[ADB][39m Getting install status for io.appium.uiautomator2.server
[debug] [35m[ADB][39m Running 'C:\Users\rizky\.katalon\tools\android_sdk\platform-tools\adb.exe -P 5037 -s emulator-5556 shell dumpsys package io.appium.uiautomator2.server'
[debug] [35m[ADB][39m 'io.appium.uiautomator2.server' is installed
[debug] [35m[ADB][39m Getting package info for 'io.appium.uiautomator2.server'
[debug] [35m[ADB][39m Running 'C:\Users\rizky\.katalon\tools\android_sdk\platform-tools\adb.exe -P 5037 -s emulator-5556 shell dumpsys package io.appium.uiautomator2.server'
[debug] [35m[ADB][39m The version name of the installed 'io.appium.uiautomator2.server' is greater or equal to the application version name ('4.27.0' >= '4.27.0')
[debug] [35m[UiAutomator2][39m io.appium.uiautomator2.server installation state: sameVersionInstalled
[debug] [35m[ADB][39m Checking app cert for C:\Users\rizky\AppData\Roaming\npm\node_modules\appium\node_modules\appium-uiautomator2-server\apks\appium-uiautomator2-server-v4.27.0.apk
[35m[ADB][39m Using 'apksigner.jar' from 'C:\Users\rizky\.katalon\tools\android_sdk\build-tools\29.0.3\lib\apksigner.jar'
[debug] [35m[ADB][39m Starting apksigner: 'C:\\Users\\rizky\\Katalon Studio\\jre\\bin\\java.exe' -Xmx1024M -Xss1m -jar C:\\Users\\rizky\\.katalon\\tools\\android_sdk\\build-tools\\29.0.3\\lib\\apksigner.jar verify --print-certs C:\\Users\\rizky\\AppData\\Roaming\\npm\\node_modules\\appium\\node_modules\\appium-uiautomator2-server\\apks\\appium-uiautomator2-server-v4.27.0.apk
[debug] [35m[ADB][39m apksigner stdout: Signer #1 certificate DN: EMAILADDRESS=android@android.com, CN=Android, OU=Android, O=Android, L=Mountain View, ST=California, C=US
[debug] [35m[ADB][39m Signer #1 certificate SHA-256 digest: a40da80a59d170caa950cf15c18c454d47a39b26989d8b640ecd745ba71bf5dc
[debug] [35m[ADB][39m Signer #1 certificate SHA-1 digest: 61ed377e85d386a8dfee6b864bd85b0bfaa5af81
[debug] [35m[ADB][39m Signer #1 certificate MD5 digest: e89b158e4bcf988ebd09eb83f5378e87
[debug] [35m[ADB][39m 
[debug] [35m[ADB][39m sha256 hash did match for 'appium-uiautomator2-server-v4.27.0.apk'
[35m[ADB][39m 'C:\Users\rizky\AppData\Roaming\npm\node_modules\appium\node_modules\appium-uiautomator2-server\apks\appium-uiautomator2-server-v4.27.0.apk' is signed with the default certificate
[debug] [35m[ADB][39m Getting install status for io.appium.uiautomator2.server.test
[debug] [35m[ADB][39m Running 'C:\Users\rizky\.katalon\tools\android_sdk\platform-tools\adb.exe -P 5037 -s emulator-5556 shell dumpsys package io.appium.uiautomator2.server.test'
[debug] [35m[ADB][39m 'io.appium.uiautomator2.server.test' is installed
[debug] [35m[ADB][39m Checking app cert for C:\Users\rizky\AppData\Roaming\npm\node_modules\appium\node_modules\appium-uiautomator2-server\apks\appium-uiautomator2-server-debug-androidTest.apk
[debug] [35m[ADB][39m Starting apksigner: 'C:\\Users\\rizky\\Katalon Studio\\jre\\bin\\java.exe' -Xmx1024M -Xss1m -jar C:\\Users\\rizky\\.katalon\\tools\\android_sdk\\build-tools\\29.0.3\\lib\\apksigner.jar verify --print-certs C:\\Users\\rizky\\AppData\\Roaming\\npm\\node_modules\\appium\\node_modules\\appium-uiautomator2-server\\apks\\appium-uiautomator2-server-debug-androidTest.apk
[debug] [35m[ADB][39m apksigner stdout: Signer #1 certificate DN: EMAILADDRESS=android@android.com, CN=Android, OU=Android, O=Android, L=Mountain View, ST=California, C=US
[debug] [35m[ADB][39m Signer #1 certificate SHA-256 digest: a40da80a59d170caa950cf15c18c454d47a39b26989d8b640ecd745ba71bf5dc
[debug] [35m[ADB][39m Signer #1 certificate SHA-1 digest: 61ed377e85d386a8dfee6b864bd85b0bfaa5af81
[debug] [35m[ADB][39m Signer #1 certificate MD5 digest: e89b158e4bcf988ebd09eb83f5378e87
[debug] [35m[ADB][39m 
[debug] [35m[ADB][39m sha256 hash did match for 'appium-uiautomator2-server-debug-androidTest.apk'
[35m[ADB][39m 'C:\Users\rizky\AppData\Roaming\npm\node_modules\appium\node_modules\appium-uiautomator2-server\apks\appium-uiautomator2-server-debug-androidTest.apk' is signed with the default certificate
[35m[UiAutomator2][39m Server packages are not going to be (re)installed
[debug] [35m[UiAutomator2][39m Waiting up to 30000ms for services to be available
[debug] [35m[ADB][39m Running 'C:\Users\rizky\.katalon\tools\android_sdk\platform-tools\adb.exe -P 5037 -s emulator-5556 shell pm list instrumentation'
[debug] [35m[UiAutomator2][39m Instrumentation target 'io.appium.uiautomator2.server.test/androidx.test.runner.AndroidJUnitRunner' is available
[35m[ADB][39m Adding packages ["io.appium.settings","io.appium.uiautomator2.server","io.appium.uiautomator2.server.test"] to Doze whitelist
[debug] [35m[ADB][39m Got the following command chunks to execute: [["dumpsys","deviceidle","whitelist","+io.appium.settings",";","dumpsys","deviceidle","whitelist","+io.appium.uiautomator2.server",";","dumpsys","deviceidle","whitelist","+io.appium.uiautomator2.server.test",";"]]
[debug] [35m[ADB][39m Running 'C:\Users\rizky\.katalon\tools\android_sdk\platform-tools\adb.exe -P 5037 -s emulator-5556 shell dumpsys deviceidle whitelist +io.appium.settings ; dumpsys deviceidle whitelist +io.appium.uiautomator2.server ; dumpsys deviceidle whitelist +io.appium.uiautomator2.server.test ;'
[debug] [35m[ADB][39m Checking app cert for C:\Users\rizky\Downloads\DemoAppV2.apk
[debug] [35m[ADB][39m Starting apksigner: 'C:\\Users\\rizky\\Katalon Studio\\jre\\bin\\java.exe' -Xmx1024M -Xss1m -jar C:\\Users\\rizky\\.katalon\\tools\\android_sdk\\build-tools\\29.0.3\\lib\\apksigner.jar verify --print-certs C:\\Users\\rizky\\Downloads\\DemoAppV2.apk
[debug] [35m[ADB][39m apksigner stdout: Signer #1 certificate DN: CN=codingID Beta, OU=CodingIDBeta, O=CodingIDBeta, L=Tangerang, ST=Tangerang, C=62
[debug] [35m[ADB][39m Signer #1 certificate SHA-256 digest: 102e9f5d054f47345ad400cbcf087a8726532b9abe88ff2c406502a62d27ce8b
[debug] [35m[ADB][39m Signer #1 certificate SHA-1 digest: ec2f2df52a21ff343a0c6046e543450747a47e80
[debug] [35m[ADB][39m Signer #1 certificate MD5 digest: 897a1a7e8da5925f6340d8a07e921d8d
[debug] [35m[ADB][39m 
[35m[ADB][39m 'C:\Users\rizky\Downloads\DemoAppV2.apk' is signed with a non-default certificate
[debug] [35m[ADB][39m Uninstalling com.codingid.codingidhive.betastaging
[debug] [35m[ADB][39m Getting install status for com.codingid.codingidhive.betastaging
[debug] [35m[ADB][39m Running 'C:\Users\rizky\.katalon\tools\android_sdk\platform-tools\adb.exe -P 5037 -s emulator-5556 shell dumpsys package com.codingid.codingidhive.betastaging'
[debug] [35m[ADB][39m 'com.codingid.codingidhive.betastaging' is not installed
[35m[ADB][39m com.codingid.codingidhive.betastaging was not uninstalled, because it was not present on the device
[debug] [35m[ADB][39m Getting install status for com.codingid.codingidhive.betastaging
[debug] [35m[ADB][39m Running 'C:\Users\rizky\.katalon\tools\android_sdk\platform-tools\adb.exe -P 5037 -s emulator-5556 shell dumpsys package com.codingid.codingidhive.betastaging'
[debug] [35m[ADB][39m 'com.codingid.codingidhive.betastaging' is not installed
[debug] [35m[AndroidDriver][39m Running full reset on 'com.codingid.codingidhive.betastaging' (reinstall)
[debug] [35m[ADB][39m Running 'C:\Users\rizky\.katalon\tools\android_sdk\platform-tools\adb.exe -P 5037 -s emulator-5556 help'
[debug] [35m[ADB][39m Running 'C:\Users\rizky\.katalon\tools\android_sdk\platform-tools\adb.exe -P 5037 -s emulator-5556 features'
[35m[ADB][39m The application at 'C:\Users\rizky\Downloads\DemoAppV2.apk' will not be cached, because the device under test has confirmed the support of streamed installs
[debug] [35m[ADB][39m Running 'C:\Users\rizky\.katalon\tools\android_sdk\platform-tools\adb.exe -P 5037 -s emulator-5556 install -r -g C:\Users\rizky\Downloads\DemoAppV2.apk'
[35m[ADB][39m The installation of 'DemoAppV2.apk' took 1889ms
[debug] [35m[ADB][39m Install command stdout: Performing Streamed Install
[debug] [35m[ADB][39m Success
[debug] [35m[UiAutomator2][39m Performing shallow cleanup of automation leftovers
[debug] [35m[UiAutomator2][39m No obsolete sessions have been detected (socket hang up)
[debug] [35m[ADB][39m Running 'C:\Users\rizky\.katalon\tools\android_sdk\platform-tools\adb.exe -P 5037 -s emulator-5556 shell am force-stop io.appium.uiautomator2.server.test'
[35m[UiAutomator2][39m Starting UIAutomator2 server 4.27.0
[35m[UiAutomator2][39m Using UIAutomator2 server from 'C:\Users\rizky\AppData\Roaming\npm\node_modules\appium\node_modules\appium-uiautomator2-server\apks\appium-uiautomator2-server-v4.27.0.apk' and test from 'C:\Users\rizky\AppData\Roaming\npm\node_modules\appium\node_modules\appium-uiautomator2-server\apks\appium-uiautomator2-server-debug-androidTest.apk'
[35m[UiAutomator2][39m Waiting up to 30000ms for UiAutomator2 to be online...
[debug] [35m[ADB][39m Creating ADB subprocess with args: ["-P",5037,"-s","emulator-5556","shell","am","instrument","-w","-e","disableAnalytics",true,"io.appium.uiautomator2.server.test/androidx.test.runner.AndroidJUnitRunner"]
[debug] [35m[WD Proxy][39m Matched '/status' to command name 'getStatus'
[debug] [35m[WD Proxy][39m Proxying [GET /status] to [GET http://127.0.0.1:51516/wd/hub/status] with no body
[35m[WD Proxy][39m socket hang up
[debug] [35m[Instrumentation][39m io.appium.uiautomator2.server.test.AppiumUiAutomator2Server:
[debug] [35m[WD Proxy][39m Matched '/status' to command name 'getStatus'
[debug] [35m[WD Proxy][39m Proxying [GET /status] to [GET http://127.0.0.1:51516/wd/hub/status] with no body
[35m[WD Proxy][39m socket hang up
[debug] [35m[WD Proxy][39m Matched '/status' to command name 'getStatus'
[debug] [35m[WD Proxy][39m Proxying [GET /status] to [GET http://127.0.0.1:51516/wd/hub/status] with no body
[35m[WD Proxy][39m socket hang up
[debug] [35m[WD Proxy][39m Matched '/status' to command name 'getStatus'
[debug] [35m[WD Proxy][39m Proxying [GET /status] to [GET http://127.0.0.1:51516/wd/hub/status] with no body
[debug] [35m[WD Proxy][39m Got response with status 200: {"sessionId":"None","value":{"message":"UiAutomator2 Server is ready to accept commands","ready":true}}
[debug] [35m[UiAutomator2][39m The initialization of the instrumentation process took 3109ms
[debug] [35m[WD Proxy][39m Matched '/session' to command name 'createSession'
[debug] [35m[WD Proxy][39m Proxying [POST /session] to [POST http://127.0.0.1:51516/wd/hub/session] with body: {"capabilities":{"firstMatch":[{"platform":"ANDROID","webStorageEnabled":false,"takesScreenshot":true,"javascriptEnabled":true,"databaseEnabled":false,"networkConnectionEnabled":true,"locationContextEnabled":false,"warnings":{},"desired":{"platformName":"android","platform":"ANDROID","chromedriverPort":51518,"app":"C:\\Users\\rizky\\Downloads\\DemoAppV2.apk","autoGrantPermissions":true,"automationName":"uiautomator2","deviceName":"emulator-5556 (sdk_gphone64_x86_64 - Android 14)","fullReset":true,"newCommandTimeout":1800,"noReset":false,"platformVersion":"14","systemPort":51516,"udid":"emulator-5556"},"platformName":"android","chromedriverPort":51518,"app":"C:\\Users\\rizky\\Downloads\\DemoAppV2.apk","autoGrantPermissions":true,"automationName":"uiautomator2","deviceName":"emulator-5556","fullReset":true,"newCommandTimeout":1800,"noReset":false,"platformVersion":"14","systemPort":51516,"udid":"emulator-5556","deviceUDID":"emulator-5556","appPackage":"com.codingid.codingidhive.betastaging"}],"alwaysMatch":{}}}
[debug] [35m[WD Proxy][39m Got response with status 200: {"sessionId":"da4bdf4d-424e-408b-9e9a-9ce500406a7f","value":{"capabilities":{"firstMatch":[{"platform":"ANDROID","webStorageEnabled":false,"takesScreenshot":true,"javascriptEnabled":true,"databaseEnabled":false,"networkConnectionEnabled":true,"locationContextEnabled":false,"warnings":{},"desired":{"platformName":"android","platform":"ANDROID","chromedriverPort":51518,"app":"C:\\Users\\rizky\\Downloads\\DemoAppV2.apk","autoGrantPermissions":true,"automationName":"uiautomator2","deviceName":"emulator-5556 (sdk_gphone64_x86_64 - Android 14)","fullReset":true,"newCommandTimeout":1800,"noReset":false,"platformVersion":"14","systemPort":51516,"udid":"emulator-5556"},"platformName":"android","chromedriverPort":51518,"app":"C:\\Users\\rizky\\Downloads\\DemoAppV2.apk","autoGrantPermissions":true,"automationName":"uiautomator2","deviceName":"emulator-5556","fullReset":true,"newCommandTimeout":1800,"noReset":false,"platformVersion":"14","systemPort":51516,"udid":"emulator-5556","deviceUDID":"emulator-5556","appPackag...
[35m[WD Proxy][39m Determined the downstream protocol as 'W3C'
[debug] [35m[WD Proxy][39m Proxying [GET /appium/device/info] to [GET http://127.0.0.1:51516/wd/hub/session/da4bdf4d-424e-408b-9e9a-9ce500406a7f/appium/device/info] with no body
[debug] [35m[WD Proxy][39m Got response with status 200: {"sessionId":"da4bdf4d-424e-408b-9e9a-9ce500406a7f","value":{"androidId":"8414d72ffe7e7b40","apiVersion":"34","bluetooth":{"state":"ON"},"brand":"google","carrierName":"T-Mobile","displayDensity":560,"locale":"en_US","manufacturer":"Google","model":"sdk_gphone64_x86_64","networks":[{"capabilities":{"SSID":null,"linkDownBandwidthKbps":30000,"linkUpstreamBandwidthKbps":12000,"networkCapabilities":"NET_CAPABILITY_NOT_METERED,NET_CAPABILITY_INTERNET,NET_CAPABILITY_NOT_RESTRICTED,NET_CAPABILITY_TRUSTED,NET_CAPABILITY_NOT_VPN,NET_CAPABILITY_VALIDATED,NET_CAPABILITY_NOT_ROAMING,NET_CAPABILITY_FOREGROUND,NET_CAPABILITY_NOT_CONGESTED,NET_CAPABILITY_NOT_SUSPENDED","signalStrength":-50,"transportTypes":"TRANSPORT_WIFI"},"detailedState":"CONNECTED","extraInfo":"","isAvailable":true,"isConnected":true,"isFailover":false,"isRoaming":false,"state":"CONNECTED","subtype":-1,"subtypeName":"","type":1,"typeName":"WIFI"},{"capabilities":{"SSID":null,"linkDownBandwidthKbps":4300,"linkUpstreamBandwidthKbps":1800,"networkCapabil...
[debug] [35m[ADB][39m Running 'C:\Users\rizky\.katalon\tools\android_sdk\platform-tools\adb.exe -P 5037 -s emulator-5556 shell dumpsys window'
[35m[AndroidDriver][39m Screen already unlocked, doing nothing
[35m[UiAutomator2][39m Starting 'com.codingid.codingidhive.betastaging/com.codingid.codingidhive.MainActivity and waiting for 'com.codingid.codingidhive.betastaging/com.codingid.codingidhive.MainActivity'
[debug] [35m[ADB][39m Running 'C:\Users\rizky\.katalon\tools\android_sdk\platform-tools\adb.exe -P 5037 -s emulator-5556 shell am start -W -n com.codingid.codingidhive.betastaging/com.codingid.codingidhive.MainActivity -S -a android.intent.action.MAIN -c android.intent.category.LAUNCHER -f 0x10200000'
[debug] [35m[ADB][39m Waiting up to 20000ms for activity matching pkg: 'com.codingid.codingidhive.betastaging' and activity: 'com.codingid.codingidhive.MainActivity' to be focused
[debug] [35m[ADB][39m Possible activities, to be checked: 'com.codingid.codingidhive.MainActivity', 'com.codingid.codingidhive.betastaging.com.codingid.codingidhive.MainActivity'
[debug] [35m[ADB][39m Getting focused package and activity
[debug] [35m[ADB][39m Running 'C:\Users\rizky\.katalon\tools\android_sdk\platform-tools\adb.exe -P 5037 -s emulator-5556 shell dumpsys window displays'
[debug] [35m[ADB][39m Found package: 'com.codingid.codingidhive.betastaging' and fully qualified activity name : 'com.codingid.codingidhive.MainActivity'
[debug] [35m[WD Proxy][39m Proxying [GET /appium/device/pixel_ratio] to [GET http://127.0.0.1:51516/wd/hub/session/da4bdf4d-424e-408b-9e9a-9ce500406a7f/appium/device/pixel_ratio] with no body
[debug] [35m[WD Proxy][39m Got response with status 200: {"sessionId":"da4bdf4d-424e-408b-9e9a-9ce500406a7f","value":3.5}
[debug] [35m[WD Proxy][39m Matched '/appium/device/system_bars' to command name 'getSystemBars'
[debug] [35m[WD Proxy][39m Proxying [GET /appium/device/system_bars] to [GET http://127.0.0.1:51516/wd/hub/session/da4bdf4d-424e-408b-9e9a-9ce500406a7f/appium/device/system_bars] with no body
[debug] [35m[WD Proxy][39m Got response with status 200: {"sessionId":"da4bdf4d-424e-408b-9e9a-9ce500406a7f","value":{"statusBar":144}}
[debug] [35m[WD Proxy][39m Matched '/window/current/size' to command name 'getWindowSize'
[debug] [35m[WD Proxy][39m Proxying [GET /window/current/size] to [GET http://127.0.0.1:51516/wd/hub/session/da4bdf4d-424e-408b-9e9a-9ce500406a7f/window/current/size] with no body
[debug] [35m[WD Proxy][39m Got response with status 200: {"sessionId":"da4bdf4d-424e-408b-9e9a-9ce500406a7f","value":{"height":2892,"width":1440}}
[35m[Appium][39m New AndroidUiautomator2Driver session created successfully, session 294381e7-0c32-4418-b284-d65c3755c505 added to master session list
[debug] [35m[BaseDriver][39m Event 'newSessionStarted' logged at 1692112719596 (22:18:39 GMT+0700 (Western Indonesia Time))
[debug] [35m[W3C (294381e7)][39m Cached the protocol value 'W3C' for the new session 294381e7-0c32-4418-b284-d65c3755c505
[debug] [35m[W3C (294381e7)][39m Responding to client with driver.createSession() result: {"capabilities":{"platform":"ANDROID","webStorageEnabled":false,"takesScreenshot":true,"javascriptEnabled":true,"databaseEnabled":false,"networkConnectionEnabled":true,"locationContextEnabled":false,"warnings":{},"desired":{"platformName":"android","platform":"ANDROID","chromedriverPort":51518,"app":"C:\\Users\\rizky\\Downloads\\DemoAppV2.apk","autoGrantPermissions":true,"automationName":"uiautomator2","deviceName":"emulator-5556 (sdk_gphone64_x86_64 - Android 14)","fullReset":true,"newCommandTimeout":1800,"noReset":false,"platformVersion":"14","systemPort":51516,"udid":"emulator-5556"},"platformName":"android","chromedriverPort":51518,"app":"C:\\Users\\rizky\\Downloads\\DemoAppV2.apk","autoGrantPermissions":true,"automationName":"uiautomator2","deviceName":"emulator-5556","fullReset":true,"newCommandTimeout":1800,"noReset":false,"platformVersion":"14","systemPort":51516,"udid":"emulator-5556","deviceUDID":"emulator-5556","appPackage":"com.codingid.codingidhive.betastaging","deviceApiLevel":34,"deviceScree...
[35m[HTTP][39m [37m<-- POST /wd/hub/session [39m[32m200[39m [90m9701 ms - 1294[39m
[35m[HTTP][39m [90m[39m
[35m[HTTP][39m [37m-->[39m [37mGET[39m [37m/wd/hub/session/294381e7-0c32-4418-b284-d65c3755c505[39m
[35m[HTTP][39m [90m{}[39m
[debug] [35m[W3C (294381e7)][39m Calling AppiumDriver.getSession() with args: ["294381e7-0c32-4418-b284-d65c3755c505"]
[debug] [35m[UiAutomator2][39m Getting session details from server to mix in
[debug] [35m[WD Proxy][39m Matched '/' to command name 'getSession'
[debug] [35m[WD Proxy][39m Proxying [GET /] to [GET http://127.0.0.1:51516/wd/hub/session/da4bdf4d-424e-408b-9e9a-9ce500406a7f] with no body
[debug] [35m[WD Proxy][39m Got response with status 200: {"sessionId":"da4bdf4d-424e-408b-9e9a-9ce500406a7f","value":{"lastScrollData":null}}
[debug] [35m[W3C (294381e7)][39m Responding to client with driver.getSession() result: {"platform":"ANDROID","webStorageEnabled":false,"takesScreenshot":true,"javascriptEnabled":true,"databaseEnabled":false,"networkConnectionEnabled":true,"locationContextEnabled":false,"warnings":{},"desired":{"platformName":"android","platform":"ANDROID","chromedriverPort":51518,"app":"C:\\Users\\rizky\\Downloads\\DemoAppV2.apk","autoGrantPermissions":true,"automationName":"uiautomator2","deviceName":"emulator-5556 (sdk_gphone64_x86_64 - Android 14)","fullReset":true,"newCommandTimeout":1800,"noReset":false,"platformVersion":"14","systemPort":51516,"udid":"emulator-5556"},"platformName":"android","chromedriverPort":51518,"app":"C:\\Users\\rizky\\Downloads\\DemoAppV2.apk","autoGrantPermissions":true,"automationName":"uiautomator2","deviceName":"emulator-5556","fullReset":true,"newCommandTimeout":1800,"noReset":false,"platformVersion":"14","systemPort":51516,"udid":"emulator-5556","deviceUDID":"emulator-5556","appPackage":"com.codingid.codingidhive.betastaging","deviceApiLevel":34,"deviceScreenSize":"1440x312...
[35m[HTTP][39m [37m<-- GET /wd/hub/session/294381e7-0c32-4418-b284-d65c3755c505 [39m[32m200[39m [90m13 ms - 1248[39m
[35m[HTTP][39m [90m[39m
[35m[HTTP][39m [37m-->[39m [37mGET[39m [37m/wd/hub/session/294381e7-0c32-4418-b284-d65c3755c505[39m
[35m[HTTP][39m [90m{}[39m
[debug] [35m[W3C (294381e7)][39m Calling AppiumDriver.getSession() with args: ["294381e7-0c32-4418-b284-d65c3755c505"]
[debug] [35m[UiAutomator2][39m Getting session details from server to mix in
[debug] [35m[WD Proxy][39m Matched '/' to command name 'getSession'
[debug] [35m[WD Proxy][39m Proxying [GET /] to [GET http://127.0.0.1:51516/wd/hub/session/da4bdf4d-424e-408b-9e9a-9ce500406a7f] with no body
[debug] [35m[WD Proxy][39m Got response with status 200: {"sessionId":"da4bdf4d-424e-408b-9e9a-9ce500406a7f","value":{"lastScrollData":null}}
[debug] [35m[W3C (294381e7)][39m Responding to client with driver.getSession() result: {"platform":"ANDROID","webStorageEnabled":false,"takesScreenshot":true,"javascriptEnabled":true,"databaseEnabled":false,"networkConnectionEnabled":true,"locationContextEnabled":false,"warnings":{},"desired":{"platformName":"android","platform":"ANDROID","chromedriverPort":51518,"app":"C:\\Users\\rizky\\Downloads\\DemoAppV2.apk","autoGrantPermissions":true,"automationName":"uiautomator2","deviceName":"emulator-5556 (sdk_gphone64_x86_64 - Android 14)","fullReset":true,"newCommandTimeout":1800,"noReset":false,"platformVersion":"14","systemPort":51516,"udid":"emulator-5556"},"platformName":"android","chromedriverPort":51518,"app":"C:\\Users\\rizky\\Downloads\\DemoAppV2.apk","autoGrantPermissions":true,"automationName":"uiautomator2","deviceName":"emulator-5556","fullReset":true,"newCommandTimeout":1800,"noReset":false,"platformVersion":"14","systemPort":51516,"udid":"emulator-5556","deviceUDID":"emulator-5556","appPackage":"com.codingid.codingidhive.betastaging","deviceApiLevel":34,"deviceScreenSize":"1440x312...
[35m[HTTP][39m [37m<-- GET /wd/hub/session/294381e7-0c32-4418-b284-d65c3755c505 [39m[32m200[39m [90m10 ms - 1248[39m
[35m[HTTP][39m [90m[39m
[35m[HTTP][39m [37m-->[39m [37mGET[39m [37m/wd/hub/status[39m
[35m[HTTP][39m [90m{}[39m
[debug] [35m[GENERIC][39m Calling AppiumDriver.getStatus() with args: []
[debug] [35m[GENERIC][39m Responding to client with driver.getStatus() result: {"build":{"version":"1.22.3"}}
[35m[HTTP][39m [37m<-- GET /wd/hub/status [39m[32m200[39m [90m1 ms - 68[39m
[35m[HTTP][39m [90m[39m
[35m[HTTP][39m [37m-->[39m [37mPOST[39m [37m/wd/hub/session/294381e7-0c32-4418-b284-d65c3755c505/timeouts[39m
[35m[HTTP][39m [90m{"implicit":30000}[39m
[debug] [35m[W3C (294381e7)][39m Calling AppiumDriver.timeouts() with args: [null,null,null,null,30000,"294381e7-0c32-4418-b284-d65c3755c505"]
[debug] [35m[BaseDriver][39m W3C timeout argument: {"implicit":30000}}
[debug] [35m[BaseDriver][39m Set implicit wait to 30000ms
[debug] [35m[W3C (294381e7)][39m Responding to client with driver.timeouts() result: null
[35m[HTTP][39m [37m<-- POST /wd/hub/session/294381e7-0c32-4418-b284-d65c3755c505/timeouts [39m[32m200[39m [90m3 ms - 14[39m
[35m[HTTP][39m [90m[39m
[35m[HTTP][39m [37m-->[39m [37mGET[39m [37m/wd/hub/session/294381e7-0c32-4418-b284-d65c3755c505/screenshot[39m
[35m[HTTP][39m [90m{}[39m
[debug] [35m[W3C (294381e7)][39m Calling AppiumDriver.getScreenshot() with args: ["294381e7-0c32-4418-b284-d65c3755c505"]
[debug] [35m[WD Proxy][39m Matched '/screenshot' to command name 'getScreenshot'
[debug] [35m[WD Proxy][39m Proxying [GET /screenshot] to [GET http://127.0.0.1:51516/wd/hub/session/da4bdf4d-424e-408b-9e9a-9ce500406a7f/screenshot] with no body
[debug] [35m[WD Proxy][39m Got response with status 200: {"sessionId":"da4bdf4d-424e-408b-9e9a-9ce500406a7f","value":"iVBORw0KGgoAAAANSUhEUgAABaAAAAwwCAYAAAAgXrdYAAAAAXNSR0IArs4c6QAAAARzQklUCAgI\nCHwIZIgAACAASURBVHic7N1pV1vX+fDhWwOSmDGDMbbxmLiJ47ZJ0/b7v+2UJ82/SR2PGEwMxmDm\nQWh4XnhJtUC2wdYGga9rrazWBEkHRcjwO/vcO1Mul+sBAAAAAAAdlj3tAwAAAAAA4HwSoAEAAAAA\nSEKABgAAAAAgCQEaAAAAAIAkBGgAAAAAAJIQoAEAAAAASEKABgAAAAAgCQEaAAAAAIAkBGgAAAAA\nAJIQoAEAAAAASEKABgAAAAAgCQEaAAAAAIAkBGgAAAAAAJIQoAEAAAAASEKABgAAAAAgCQEaAAAA\nAIAk8j///PNpHwMAAAAAAOdQvlwun/YxAAAAAABwDhnBAQAAAABAEgI0AAAAAABJCNAAAAAAACQh\nQAMAAAAAkIQADQAAAABAEgI0AAAAAABJCNAAAAAAACQhQAMAAAAAkIQADQAAAABAEgI0AAAAAABJ\nCNAAAAAAACQhQAMAAAAAkIQADQAAAABAEgI0AAAAAABJCNAAAAAAACQhQAMAAAAAkIQADQAAAABA\nEgI0AAAAAABJCNAAAAAAACQhQAMAAAAAkIQADQAAAABAEgI0AAAAAABJCNAAAAAAACQhQAMAAAAA\nkIQADQAAAABAEgI0AAAAAABJCNAAAAAAACQhQAMAAAAAkET+tA8AODmFQiFGRkZidHQ0+vr6Ip9/\n91tAuVyOzc3NWF5ejo2NjahUKid4pAAAAACcBwI0nHP5fD5u3LgRw8PDkcvljny7QqEQo6OjMTo6\nGhERlUollpaW4vnz51Gv11MdLgAAAADniAAN51SxWIx79+4dKzq/Tz6fj6mpqZiamord3d34+eef\no1qtduS+AQAAACIi/vrXvx75...
[debug] [35m[W3C (294381e7)][39m Responding to client with driver.getScreenshot() result: "iVBORw0KGgoAAAANSUhEUgAABaAAAAwwCAYAAAAgXrdYAAAAAXNSR0IArs4c6QAAAARzQklUCAgI\nCHwIZIgAACAASURBVHic7N1pV1vX+fDhWwOSmDGDMbbxmLiJ47ZJ0/b7v+2UJ82/SR2PGEwMxmDm\nQWh4XnhJtUC2wdYGga9rrazWBEkHRcjwO/vcO1Mul+sBAAAAAAAdlj3tAwAAAAAA4HwSoAEAAAAA\nSEKABgAAAAAgCQEaAAAAAIAkBGgAAAAAAJIQoAEAAAAASEKABgAAAAAgCQEaAAAAAIAkBGgAAAAA\nAJIQoAEAAAAASEKABgAAAAAgCQEaAAAAAIAkBGgAAAAAAJIQoAEAAAAASEKABgAAAAAgCQEaAAAA\nAIAk8j///PNpHwMAAAAAAOdQvlwun/YxAAAAAABwDhnBAQAAAABAEgI0AAAAAABJCNAAAAAAACQh\nQAMAAAAAkIQADQAAAABAEgI0AAAAAABJCNAAAAAAACQhQAMAAAAAkIQADQAAAABAEgI0AAAAAABJ\nCNAAAAAAACQhQAMAAAAAkIQADQAAAABAEgI0AAAAAABJCNAAAAAAACQhQAMAAAAAkIQADQAAAABA\nEgI0AAAAAABJCNAAAAAAACQhQAMAAAAAkIQADQAAAABAEgI0AAAAAABJCNAAAAAAACQhQAMAAAAA\nkIQADQAAAABAEgI0AAAAAABJCNAAAAAAACQhQAMAAAAAkET+tA8AODmFQiFGRkZidHQ0+vr6Ip9/\n91tAuVyOzc3NWF5ejo2NjahUKid4pAAAAACcBwI0nHP5fD5u3LgRw8PDkcvljny7QqEQo6OjMTo6\nGhERlUollpaW4vnz51Gv11MdLgAAAADniAAN51SxWIx79+4dKzq/Tz6fj6mpqZiamord3d34+eef\no1qtduS+AQAAACIi/vrXvx75c//+978nPBI6RYCGcyafz8e9e/eiUCgke4xSqRR/+tOf4h//+Eey\nx4DPVT...
[35m[HTTP][39m [37m<-- GET /wd/hub/session/294381e7-0c32-4418-b284-d65c3755c505/screenshot [39m[32m200[39m [90m372 ms - 47120[39m
[35m[HTTP][39m [90m[39m
[35m[HTTP][39m [37m-->[39m [37mGET[39m [37m/wd/hub/session/294381e7-0c32-4418-b284-d65c3755c505/window/rect[39m
[35m[HTTP][39m [90m{}[39m
[debug] [35m[W3C (294381e7)][39m Calling AppiumDriver.getWindowRect() with args: ["294381e7-0c32-4418-b284-d65c3755c505"]
[debug] [35m[WD Proxy][39m Matched '/window/current/size' to command name 'getWindowSize'
[debug] [35m[WD Proxy][39m Proxying [GET /window/current/size] to [GET http://127.0.0.1:51516/wd/hub/session/da4bdf4d-424e-408b-9e9a-9ce500406a7f/window/current/size] with no body
[debug] [35m[WD Proxy][39m Got response with status 200: {"sessionId":"da4bdf4d-424e-408b-9e9a-9ce500406a7f","value":{"height":2892,"width":1440}}
[debug] [35m[W3C (294381e7)][39m Responding to client with driver.getWindowRect() result: {"width":1440,"height":2892,"x":0,"y":0}
[35m[HTTP][39m [37m<-- GET /wd/hub/session/294381e7-0c32-4418-b284-d65c3755c505/window/rect [39m[32m200[39m [90m20 ms - 50[39m
[35m[HTTP][39m [90m[39m
[35m[HTTP][39m [37m-->[39m [37mGET[39m [37m/wd/hub/session/294381e7-0c32-4418-b284-d65c3755c505/appium/device/system_bars[39m
[35m[HTTP][39m [90m{}[39m
[debug] [35m[W3C (294381e7)][39m Calling AppiumDriver.getSystemBars() with args: ["294381e7-0c32-4418-b284-d65c3755c505"]
[debug] [35m[ADB][39m Running 'C:\Users\rizky\.katalon\tools\android_sdk\platform-tools\adb.exe -P 5037 -s emulator-5556 shell dumpsys window windows'
[debug] [35m[W3C (294381e7)][39m Responding to client with driver.getSystemBars() result: {"statusBar":{"visible":true,"x":0,"y":0,"width":null,"height":1},"navigationBar":{"visible":true,"x":0,"y":0,"width":null,"height":1}}
[35m[HTTP][39m [37m<-- GET /wd/hub/session/294381e7-0c32-4418-b284-d65c3755c505/appium/device/system_bars [39m[32m200[39m [90m71 ms - 145[39m
[35m[HTTP][39m [90m[39m
[35m[HTTP][39m [37m-->[39m [37mPOST[39m [37m/wd/hub/session/294381e7-0c32-4418-b284-d65c3755c505/timeouts[39m
[35m[HTTP][39m [90m{"implicit":50}[39m
[debug] [35m[W3C (294381e7)][39m Calling AppiumDriver.timeouts() with args: [null,null,null,null,50,"294381e7-0c32-4418-b284-d65c3755c505"]
[debug] [35m[BaseDriver][39m W3C timeout argument: {"implicit":50}}
[debug] [35m[BaseDriver][39m Set implicit wait to 50ms
[debug] [35m[W3C (294381e7)][39m Responding to client with driver.timeouts() result: null
[35m[HTTP][39m [37m<-- POST /wd/hub/session/294381e7-0c32-4418-b284-d65c3755c505/timeouts [39m[32m200[39m [90m2 ms - 14[39m
[35m[HTTP][39m [90m[39m
[35m[HTTP][39m [37m-->[39m [37mGET[39m [37m/wd/hub/session/294381e7-0c32-4418-b284-d65c3755c505/window/rect[39m
[35m[HTTP][39m [90m{}[39m
[debug] [35m[W3C (294381e7)][39m Calling AppiumDriver.getWindowRect() with args: ["294381e7-0c32-4418-b284-d65c3755c505"]
[debug] [35m[WD Proxy][39m Matched '/window/current/size' to command name 'getWindowSize'
[debug] [35m[WD Proxy][39m Proxying [GET /window/current/size] to [GET http://127.0.0.1:51516/wd/hub/session/da4bdf4d-424e-408b-9e9a-9ce500406a7f/window/current/size] with no body
[debug] [35m[WD Proxy][39m Got response with status 200: {"sessionId":"da4bdf4d-424e-408b-9e9a-9ce500406a7f","value":{"height":2892,"width":1440}}
[debug] [35m[W3C (294381e7)][39m Responding to client with driver.getWindowRect() result: {"width":1440,"height":2892,"x":0,"y":0}
[35m[HTTP][39m [37m<-- GET /wd/hub/session/294381e7-0c32-4418-b284-d65c3755c505/window/rect [39m[32m200[39m [90m15 ms - 50[39m
[35m[HTTP][39m [90m[39m
[35m[HTTP][39m [37m-->[39m [37mPOST[39m [37m/wd/hub/session/294381e7-0c32-4418-b284-d65c3755c505/elements[39m
[35m[HTTP][39m [90m{"using":"xpath","value":"//*[@class = 'android.widget.TextView' and (@text = 'Login Here' or . = 'Login Here')]"}[39m
[debug] [35m[W3C (294381e7)][39m Calling AppiumDriver.findElements() with args: ["xpath","//*[@class = 'android.widget.TextView' and (@text = 'Login Here' or . = 'Login Here')]","294381e7-0c32-4418-b284-d65c3755c505"]
[debug] [35m[BaseDriver][39m Valid locator strategies for this request: xpath, id, class name, accessibility id, css selector, -android uiautomator
[debug] [35m[BaseDriver][39m Waiting up to 50 ms for condition
[debug] [35m[WD Proxy][39m Matched '/elements' to command name 'findElements'
[debug] [35m[WD Proxy][39m Proxying [POST /elements] to [POST http://127.0.0.1:51516/wd/hub/session/da4bdf4d-424e-408b-9e9a-9ce500406a7f/elements] with body: {"strategy":"xpath","selector":"//*[@class = 'android.widget.TextView' and (@text = 'Login Here' or . = 'Login Here')]","context":"","multiple":true}
[debug] [35m[WD Proxy][39m Got response with status 200: {"sessionId":"da4bdf4d-424e-408b-9e9a-9ce500406a7f","value":[{"ELEMENT":"00000000-0000-0505-ffff-ffff00000041","element-6066-11e4-a52e-4f735466cecf":"00000000-0000-0505-ffff-ffff00000041"}]}
[debug] [35m[W3C (294381e7)][39m Responding to client with driver.findElements() result: [{"element-6066-11e4-a52e-4f735466cecf":"00000000-0000-0505-ffff-ffff00000041","ELEMENT":"00000000-0000-0505-ffff-ffff00000041"}]
[35m[HTTP][39m [37m<-- POST /wd/hub/session/294381e7-0c32-4418-b284-d65c3755c505/elements [39m[32m200[39m [90m1686 ms - 139[39m
[35m[HTTP][39m [90m[39m
[35m[HTTP][39m [37m-->[39m [37mGET[39m [37m/wd/hub/session/294381e7-0c32-4418-b284-d65c3755c505/element/00000000-0000-0505-ffff-ffff00000041/location[39m
[35m[HTTP][39m [90m{}[39m
[35m[W3C (294381e7)][39m Driver proxy active, passing request on via HTTP proxy
[debug] [35m[WD Proxy][39m Matched '/wd/hub/session/294381e7-0c32-4418-b284-d65c3755c505/element/00000000-0000-0505-ffff-ffff00000041/location' to command name 'getLocation'
[debug] [35m[WD Proxy][39m Proxying [GET /wd/hub/session/294381e7-0c32-4418-b284-d65c3755c505/element/00000000-0000-0505-ffff-ffff00000041/location] to [GET http://127.0.0.1:51516/wd/hub/session/da4bdf4d-424e-408b-9e9a-9ce500406a7f/element/00000000-0000-0505-ffff-ffff00000041/location] with no body
[debug] [35m[WD Proxy][39m Got response with status 200: {"sessionId":"da4bdf4d-424e-408b-9e9a-9ce500406a7f","value":{"x":1039,"y":478}}
[35m[WD Proxy][39m Replacing sessionId da4bdf4d-424e-408b-9e9a-9ce500406a7f with 294381e7-0c32-4418-b284-d65c3755c505
[35m[HTTP][39m [37m<-- GET /wd/hub/session/294381e7-0c32-4418-b284-d65c3755c505/element/00000000-0000-0505-ffff-ffff00000041/location [39m[32m200[39m [90m719 ms - 79[39m
[35m[HTTP][39m [90m[39m
[35m[HTTP][39m [37m-->[39m [37mPOST[39m [37m/wd/hub/session/294381e7-0c32-4418-b284-d65c3755c505/timeouts[39m
[35m[HTTP][39m [90m{"implicit":30000}[39m
[debug] [35m[W3C (294381e7)][39m Calling AppiumDriver.timeouts() with args: [null,null,null,null,30000,"294381e7-0c32-4418-b284-d65c3755c505"]
[debug] [35m[BaseDriver][39m W3C timeout argument: {"implicit":30000}}
[debug] [35m[BaseDriver][39m Set implicit wait to 30000ms
[debug] [35m[W3C (294381e7)][39m Responding to client with driver.timeouts() result: null
[35m[HTTP][39m [37m<-- POST /wd/hub/session/294381e7-0c32-4418-b284-d65c3755c505/timeouts [39m[32m200[39m [90m2 ms - 14[39m
[35m[HTTP][39m [90m[39m
[35m[HTTP][39m [37m-->[39m [37mPOST[39m [37m/wd/hub/session/294381e7-0c32-4418-b284-d65c3755c505/element/00000000-0000-0505-ffff-ffff00000041/click[39m
[35m[HTTP][39m [90m{"id":"00000000-0000-0505-ffff-ffff00000041"}[39m
[debug] [35m[W3C (294381e7)][39m Calling AppiumDriver.click() with args: ["00000000-0000-0505-ffff-ffff00000041","294381e7-0c32-4418-b284-d65c3755c505"]
[debug] [35m[WD Proxy][39m Matched '/element/00000000-0000-0505-ffff-ffff00000041/click' to command name 'click'
[debug] [35m[WD Proxy][39m Proxying [POST /element/00000000-0000-0505-ffff-ffff00000041/click] to [POST http://127.0.0.1:51516/wd/hub/session/da4bdf4d-424e-408b-9e9a-9ce500406a7f/element/00000000-0000-0505-ffff-ffff00000041/click] with body: {"element":"00000000-0000-0505-ffff-ffff00000041"}
[debug] [35m[WD Proxy][39m Got response with status 200: {"sessionId":"da4bdf4d-424e-408b-9e9a-9ce500406a7f","value":null}
[debug] [35m[W3C (294381e7)][39m Responding to client with driver.click() result: null
[35m[HTTP][39m [37m<-- POST /wd/hub/session/294381e7-0c32-4418-b284-d65c3755c505/element/00000000-0000-0505-ffff-ffff00000041/click [39m[32m200[39m [90m70 ms - 14[39m
[35m[HTTP][39m [90m[39m
[35m[HTTP][39m [37m-->[39m [37mPOST[39m [37m/wd/hub/session/294381e7-0c32-4418-b284-d65c3755c505/timeouts[39m
[35m[HTTP][39m [90m{"implicit":50}[39m
[debug] [35m[W3C (294381e7)][39m Calling AppiumDriver.timeouts() with args: [null,null,null,null,50,"294381e7-0c32-4418-b284-d65c3755c505"]
[debug] [35m[BaseDriver][39m W3C timeout argument: {"implicit":50}}
[debug] [35m[BaseDriver][39m Set implicit wait to 50ms
[debug] [35m[W3C (294381e7)][39m Responding to client with driver.timeouts() result: null
[35m[HTTP][39m [37m<-- POST /wd/hub/session/294381e7-0c32-4418-b284-d65c3755c505/timeouts [39m[32m200[39m [90m1 ms - 14[39m
[35m[HTTP][39m [90m[39m
[35m[HTTP][39m [37m-->[39m [37mGET[39m [37m/wd/hub/session/294381e7-0c32-4418-b284-d65c3755c505/window/rect[39m
[35m[HTTP][39m [90m{}[39m
[debug] [35m[W3C (294381e7)][39m Calling AppiumDriver.getWindowRect() with args: ["294381e7-0c32-4418-b284-d65c3755c505"]
[debug] [35m[WD Proxy][39m Matched '/window/current/size' to command name 'getWindowSize'
[debug] [35m[WD Proxy][39m Proxying [GET /window/current/size] to [GET http://127.0.0.1:51516/wd/hub/session/da4bdf4d-424e-408b-9e9a-9ce500406a7f/window/current/size] with no body
[debug] [35m[WD Proxy][39m Got response with status 200: {"sessionId":"da4bdf4d-424e-408b-9e9a-9ce500406a7f","value":{"height":2892,"width":1440}}
[debug] [35m[W3C (294381e7)][39m Responding to client with driver.getWindowRect() result: {"width":1440,"height":2892,"x":0,"y":0}
[35m[HTTP][39m [37m<-- GET /wd/hub/session/294381e7-0c32-4418-b284-d65c3755c505/window/rect [39m[32m200[39m [90m14 ms - 50[39m
[35m[HTTP][39m [90m[39m
[35m[HTTP][39m [37m-->[39m [37mPOST[39m [37m/wd/hub/session/294381e7-0c32-4418-b284-d65c3755c505/elements[39m
[35m[HTTP][39m [90m{"using":"xpath","value":"//hierarchy/android.widget.FrameLayout[1]/android.widget.LinearLayout[1]/android.widget.FrameLayout[1]/android.widget.LinearLayout[1]/android.widget.FrameLayout[1]/android.widget.FrameLayout[1]/android.view.ViewGroup[1]/android.view.ViewGroup[1]/android.view.ViewGroup[2]/android.view.ViewGroup[1]/android.view.ViewGroup[1]/android.view.ViewGroup[2]/android.view.ViewGroup[2]/android.view.ViewGroup[1]/android.view.ViewGroup[1]/android.view.ViewGroup[1]/android.view.ViewGroup[1]/android.view.ViewGroup[2]/android.view.ViewGroup[1]/android.view.ViewGroup[1]/android.widget.ScrollView[1]/android.view.ViewGroup[1]/android.view.ViewGroup[1]/android.widget.EditText[1]"}[39m
[debug] [35m[W3C (294381e7)][39m Calling AppiumDriver.findElements() with args: ["xpath","//hierarchy/android.widget.FrameLayout[1]/android.widget.LinearLayout[1]/android.widget.FrameLayout[1]/android.widget.LinearLayout[1]/android.widget.FrameLayout[1]/android.widget.FrameLayout[1]/android.view.ViewGroup[1]/android.view.ViewGroup[1]/android.view.ViewGroup[2]/android.view.ViewGroup[1]/android.view.ViewGroup[1]/android.view.ViewGroup[2]/android.view.ViewGroup[2]/android.view.ViewGroup[1]/android.view.ViewGroup[1]/android.view.ViewGroup[1]/android.view.ViewGroup[1]/android.view.ViewGroup[2]/android.view.ViewGroup[1]/android.view.ViewGroup[1]/android.widget.ScrollView[1]/android.view.ViewGroup[1]/android.view.ViewGroup[1]/android.widget.EditText[1]","294381e7-0c32-4418-b284-d65c3755c505"]
[debug] [35m[BaseDriver][39m Valid locator strategies for this request: xpath, id, class name, accessibility id, css selector, -android uiautomator
[debug] [35m[BaseDriver][39m Waiting up to 50 ms for condition
[debug] [35m[WD Proxy][39m Matched '/elements' to command name 'findElements'
[debug] [35m[WD Proxy][39m Proxying [POST /elements] to [POST http://127.0.0.1:51516/wd/hub/session/da4bdf4d-424e-408b-9e9a-9ce500406a7f/elements] with body: {"strategy":"xpath","selector":"//hierarchy/android.widget.FrameLayout[1]/android.widget.LinearLayout[1]/android.widget.FrameLayout[1]/android.widget.LinearLayout[1]/android.widget.FrameLayout[1]/android.widget.FrameLayout[1]/android.view.ViewGroup[1]/android.view.ViewGroup[1]/android.view.ViewGroup[2]/android.view.ViewGroup[1]/android.view.ViewGroup[1]/android.view.ViewGroup[2]/android.view.ViewGroup[2]/android.view.ViewGroup[1]/android.view.ViewGroup[1]/android.view.ViewGroup[1]/android.view.ViewGroup[1]/android.view.ViewGroup[2]/android.view.ViewGroup[1]/android.view.ViewGroup[1]/android.widget.ScrollView[1]/android.view.ViewGroup[1]/android.view.ViewGroup[1]/android.widget.EditText[1]","context":"","multiple":true}
[debug] [35m[WD Proxy][39m Got response with status 200: {"sessionId":"da4bdf4d-424e-408b-9e9a-9ce500406a7f","value":[{"ELEMENT":"00000000-0000-0505-ffff-ffff000001af","element-6066-11e4-a52e-4f735466cecf":"00000000-0000-0505-ffff-ffff000001af"}]}
[debug] [35m[W3C (294381e7)][39m Responding to client with driver.findElements() result: [{"element-6066-11e4-a52e-4f735466cecf":"00000000-0000-0505-ffff-ffff000001af","ELEMENT":"00000000-0000-0505-ffff-ffff000001af"}]
[35m[HTTP][39m [37m<-- POST /wd/hub/session/294381e7-0c32-4418-b284-d65c3755c505/elements [39m[32m200[39m [90m266 ms - 139[39m
[35m[HTTP][39m [90m[39m
[35m[HTTP][39m [37m-->[39m [37mGET[39m [37m/wd/hub/session/294381e7-0c32-4418-b284-d65c3755c505/element/00000000-0000-0505-ffff-ffff000001af/location[39m
[35m[HTTP][39m [90m{}[39m
[35m[W3C (294381e7)][39m Driver proxy active, passing request on via HTTP proxy
[debug] [35m[WD Proxy][39m Matched '/wd/hub/session/294381e7-0c32-4418-b284-d65c3755c505/element/00000000-0000-0505-ffff-ffff000001af/location' to command name 'getLocation'
[debug] [35m[WD Proxy][39m Proxying [GET /wd/hub/session/294381e7-0c32-4418-b284-d65c3755c505/element/00000000-0000-0505-ffff-ffff000001af/location] to [GET http://127.0.0.1:51516/wd/hub/session/da4bdf4d-424e-408b-9e9a-9ce500406a7f/element/00000000-0000-0505-ffff-ffff000001af/location] with no body
[debug] [35m[WD Proxy][39m Got response with status 200: {"sessionId":"da4bdf4d-424e-408b-9e9a-9ce500406a7f","value":{"x":70,"y":723}}
[35m[WD Proxy][39m Replacing sessionId da4bdf4d-424e-408b-9e9a-9ce500406a7f with 294381e7-0c32-4418-b284-d65c3755c505
[35m[HTTP][39m [37m<-- GET /wd/hub/session/294381e7-0c32-4418-b284-d65c3755c505/element/00000000-0000-0505-ffff-ffff000001af/location [39m[32m200[39m [90m692 ms - 77[39m
[35m[HTTP][39m [90m[39m
[35m[HTTP][39m [37m-->[39m [37mPOST[39m [37m/wd/hub/session/294381e7-0c32-4418-b284-d65c3755c505/timeouts[39m
[35m[HTTP][39m [90m{"implicit":30000}[39m
[debug] [35m[W3C (294381e7)][39m Calling AppiumDriver.timeouts() with args: [null,null,null,null,30000,"294381e7-0c32-4418-b284-d65c3755c505"]
[debug] [35m[BaseDriver][39m W3C timeout argument: {"implicit":30000}}
[debug] [35m[BaseDriver][39m Set implicit wait to 30000ms
[debug] [35m[W3C (294381e7)][39m Responding to client with driver.timeouts() result: null
[35m[HTTP][39m [37m<-- POST /wd/hub/session/294381e7-0c32-4418-b284-d65c3755c505/timeouts [39m[32m200[39m [90m1 ms - 14[39m
[35m[HTTP][39m [90m[39m
[35m[HTTP][39m [37m-->[39m [37mPOST[39m [37m/wd/hub/session/294381e7-0c32-4418-b284-d65c3755c505/element/00000000-0000-0505-ffff-ffff000001af/clear[39m
[35m[HTTP][39m [90m{"id":"00000000-0000-0505-ffff-ffff000001af"}[39m
[debug] [35m[W3C (294381e7)][39m Calling AppiumDriver.clear() with args: ["00000000-0000-0505-ffff-ffff000001af","294381e7-0c32-4418-b284-d65c3755c505"]
[debug] [35m[WD Proxy][39m Matched '/element/00000000-0000-0505-ffff-ffff000001af/clear' to command name 'clear'
[debug] [35m[WD Proxy][39m Proxying [POST /element/00000000-0000-0505-ffff-ffff000001af/clear] to [POST http://127.0.0.1:51516/wd/hub/session/da4bdf4d-424e-408b-9e9a-9ce500406a7f/element/00000000-0000-0505-ffff-ffff000001af/clear] with body: {"elementId":"00000000-0000-0505-ffff-ffff000001af"}
[debug] [35m[WD Proxy][39m Got response with status 200: {"sessionId":"da4bdf4d-424e-408b-9e9a-9ce500406a7f","value":null}
[debug] [35m[W3C (294381e7)][39m Responding to client with driver.clear() result: null
[35m[HTTP][39m [37m<-- POST /wd/hub/session/294381e7-0c32-4418-b284-d65c3755c505/element/00000000-0000-0505-ffff-ffff000001af/clear [39m[32m200[39m [90m19 ms - 14[39m
[35m[HTTP][39m [90m[39m
[35m[HTTP][39m [37m-->[39m [37mPOST[39m [37m/wd/hub/session/294381e7-0c32-4418-b284-d65c3755c505/element/00000000-0000-0505-ffff-ffff000001af/value[39m
[35m[HTTP][39m [90m{"id":"00000000-0000-0505-ffff-ffff000001af","text":"isya.katalon@gmail@","value":["i","s","y","a",".","k","a","t","a","l","o","n","@","g","m","a","i","l","@"]}[39m
[debug] [35m[W3C (294381e7)][39m Calling AppiumDriver.setValue() with args: [["i","s","y","a",".","k","a","t","a","l","o","n","@","g","m","a","i","l","@"],"00000000-0000-0505-ffff-ffff000001af","294381e7-0c32-4418-b284-d65c3755c505"]
[debug] [35m[WD Proxy][39m Matched '/element/00000000-0000-0505-ffff-ffff000001af/value' to command name 'setValue'
[debug] [35m[Protocol Converter][39m Added 'value' property ["i","s","y","a",".","k","a","t","a","l","o","n","@","g","m","a","i","l","@"] to 'setValue' request body
[debug] [35m[WD Proxy][39m Proxying [POST /element/00000000-0000-0505-ffff-ffff000001af/value] to [POST http://127.0.0.1:51516/wd/hub/session/da4bdf4d-424e-408b-9e9a-9ce500406a7f/element/00000000-0000-0505-ffff-ffff000001af/value] with body: {"elementId":"00000000-0000-0505-ffff-ffff000001af","text":"isya.katalon@gmail@","replace":false,"value":["i","s","y","a",".","k","a","t","a","l","o","n","@","g","m","a","i","l","@"]}
[debug] [35m[WD Proxy][39m Got response with status 200: {"sessionId":"da4bdf4d-424e-408b-9e9a-9ce500406a7f","value":null}
[debug] [35m[W3C (294381e7)][39m Responding to client with driver.setValue() result: null
[35m[HTTP][39m [37m<-- POST /wd/hub/session/294381e7-0c32-4418-b284-d65c3755c505/element/00000000-0000-0505-ffff-ffff000001af/value [39m[32m200[39m [90m509 ms - 14[39m
[35m[HTTP][39m [90m[39m
[35m[HTTP][39m [37m-->[39m [37mPOST[39m [37m/wd/hub/session/294381e7-0c32-4418-b284-d65c3755c505/timeouts[39m
[35m[HTTP][39m [90m{"implicit":50}[39m
[debug] [35m[W3C (294381e7)][39m Calling AppiumDriver.timeouts() with args: [null,null,null,null,50,"294381e7-0c32-4418-b284-d65c3755c505"]
[debug] [35m[BaseDriver][39m W3C timeout argument: {"implicit":50}}
[debug] [35m[BaseDriver][39m Set implicit wait to 50ms
[debug] [35m[W3C (294381e7)][39m Responding to client with driver.timeouts() result: null
[35m[HTTP][39m [37m<-- POST /wd/hub/session/294381e7-0c32-4418-b284-d65c3755c505/timeouts [39m[32m200[39m [90m2 ms - 14[39m
[35m[HTTP][39m [90m[39m
[35m[HTTP][39m [37m-->[39m [37mGET[39m [37m/wd/hub/session/294381e7-0c32-4418-b284-d65c3755c505/window/rect[39m
[35m[HTTP][39m [90m{}[39m
[debug] [35m[W3C (294381e7)][39m Calling AppiumDriver.getWindowRect() with args: ["294381e7-0c32-4418-b284-d65c3755c505"]
[debug] [35m[WD Proxy][39m Matched '/window/current/size' to command name 'getWindowSize'
[debug] [35m[WD Proxy][39m Proxying [GET /window/current/size] to [GET http://127.0.0.1:51516/wd/hub/session/da4bdf4d-424e-408b-9e9a-9ce500406a7f/window/current/size] with no body
[debug] [35m[WD Proxy][39m Got response with status 200: {"sessionId":"da4bdf4d-424e-408b-9e9a-9ce500406a7f","value":{"height":2892,"width":1440}}
[debug] [35m[W3C (294381e7)][39m Responding to client with driver.getWindowRect() result: {"width":1440,"height":2892,"x":0,"y":0}
[35m[HTTP][39m [37m<-- GET /wd/hub/session/294381e7-0c32-4418-b284-d65c3755c505/window/rect [39m[32m200[39m [90m8 ms - 50[39m
[35m[HTTP][39m [90m[39m
[35m[HTTP][39m [37m-->[39m [37mPOST[39m [37m/wd/hub/session/294381e7-0c32-4418-b284-d65c3755c505/elements[39m
[35m[HTTP][39m [90m{"using":"xpath","value":"//hierarchy/android.widget.FrameLayout[1]/android.widget.LinearLayout[1]/android.widget.FrameLayout[1]/android.widget.LinearLayout[1]/android.widget.FrameLayout[1]/android.widget.FrameLayout[1]/android.view.ViewGroup[1]/android.view.ViewGroup[1]/android.view.ViewGroup[2]/android.view.ViewGroup[1]/android.view.ViewGroup[1]/android.view.ViewGroup[2]/android.view.ViewGroup[2]/android.view.ViewGroup[1]/android.view.ViewGroup[1]/android.view.ViewGroup[1]/android.view.ViewGroup[1]/android.view.ViewGroup[2]/android.view.ViewGroup[1]/android.view.ViewGroup[1]/android.widget.ScrollView[1]/android.view.ViewGroup[1]/android.view.ViewGroup[1]/android.widget.EditText[2]"}[39m
[debug] [35m[W3C (294381e7)][39m Calling AppiumDriver.findElements() with args: ["xpath","//hierarchy/android.widget.FrameLayout[1]/android.widget.LinearLayout[1]/android.widget.FrameLayout[1]/android.widget.LinearLayout[1]/android.widget.FrameLayout[1]/android.widget.FrameLayout[1]/android.view.ViewGroup[1]/android.view.ViewGroup[1]/android.view.ViewGroup[2]/android.view.ViewGroup[1]/android.view.ViewGroup[1]/android.view.ViewGroup[2]/android.view.ViewGroup[2]/android.view.ViewGroup[1]/android.view.ViewGroup[1]/android.view.ViewGroup[1]/android.view.ViewGroup[1]/android.view.ViewGroup[2]/android.view.ViewGroup[1]/android.view.ViewGroup[1]/android.widget.ScrollView[1]/android.view.ViewGroup[1]/android.view.ViewGroup[1]/android.widget.EditText[2]","294381e7-0c32-4418-b284-d65c3755c505"]
[debug] [35m[BaseDriver][39m Valid locator strategies for this request: xpath, id, class name, accessibility id, css selector, -android uiautomator
[debug] [35m[BaseDriver][39m Waiting up to 50 ms for condition
[debug] [35m[WD Proxy][39m Matched '/elements' to command name 'findElements'
[debug] [35m[WD Proxy][39m Proxying [POST /elements] to [POST http://127.0.0.1:51516/wd/hub/session/da4bdf4d-424e-408b-9e9a-9ce500406a7f/elements] with body: {"strategy":"xpath","selector":"//hierarchy/android.widget.FrameLayout[1]/android.widget.LinearLayout[1]/android.widget.FrameLayout[1]/android.widget.LinearLayout[1]/android.widget.FrameLayout[1]/android.widget.FrameLayout[1]/android.view.ViewGroup[1]/android.view.ViewGroup[1]/android.view.ViewGroup[2]/android.view.ViewGroup[1]/android.view.ViewGroup[1]/android.view.ViewGroup[2]/android.view.ViewGroup[2]/android.view.ViewGroup[1]/android.view.ViewGroup[1]/android.view.ViewGroup[1]/android.view.ViewGroup[1]/android.view.ViewGroup[2]/android.view.ViewGroup[1]/android.view.ViewGroup[1]/android.widget.ScrollView[1]/android.view.ViewGroup[1]/android.view.ViewGroup[1]/android.widget.EditText[2]","context":"","multiple":true}
[debug] [35m[WD Proxy][39m Got response with status 200: {"sessionId":"da4bdf4d-424e-408b-9e9a-9ce500406a7f","value":[{"ELEMENT":"00000000-0000-0505-ffff-ffff000001b6","element-6066-11e4-a52e-4f735466cecf":"00000000-0000-0505-ffff-ffff000001b6"}]}
[debug] [35m[W3C (294381e7)][39m Responding to client with driver.findElements() result: [{"element-6066-11e4-a52e-4f735466cecf":"00000000-0000-0505-ffff-ffff000001b6","ELEMENT":"00000000-0000-0505-ffff-ffff000001b6"}]
[35m[HTTP][39m [37m<-- POST /wd/hub/session/294381e7-0c32-4418-b284-d65c3755c505/elements [39m[32m200[39m [90m957 ms - 139[39m
[35m[HTTP][39m [90m[39m
[35m[HTTP][39m [37m-->[39m [37mGET[39m [37m/wd/hub/session/294381e7-0c32-4418-b284-d65c3755c505/element/00000000-0000-0505-ffff-ffff000001b6/location[39m
[35m[HTTP][39m [90m{}[39m
[35m[W3C (294381e7)][39m Driver proxy active, passing request on via HTTP proxy
[debug] [35m[WD Proxy][39m Matched '/wd/hub/session/294381e7-0c32-4418-b284-d65c3755c505/element/00000000-0000-0505-ffff-ffff000001b6/location' to command name 'getLocation'
[debug] [35m[WD Proxy][39m Proxying [GET /wd/hub/session/294381e7-0c32-4418-b284-d65c3755c505/element/00000000-0000-0505-ffff-ffff000001b6/location] to [GET http://127.0.0.1:51516/wd/hub/session/da4bdf4d-424e-408b-9e9a-9ce500406a7f/element/00000000-0000-0505-ffff-ffff000001b6/location] with no body
[debug] [35m[WD Proxy][39m Got response with status 200: {"sessionId":"da4bdf4d-424e-408b-9e9a-9ce500406a7f","value":{"x":70,"y":996}}
[35m[WD Proxy][39m Replacing sessionId da4bdf4d-424e-408b-9e9a-9ce500406a7f with 294381e7-0c32-4418-b284-d65c3755c505
[35m[HTTP][39m [37m<-- GET /wd/hub/session/294381e7-0c32-4418-b284-d65c3755c505/element/00000000-0000-0505-ffff-ffff000001b6/location [39m[32m200[39m [90m12 ms - 77[39m
[35m[HTTP][39m [90m[39m
[35m[HTTP][39m [37m-->[39m [37mPOST[39m [37m/wd/hub/session/294381e7-0c32-4418-b284-d65c3755c505/timeouts[39m
[35m[HTTP][39m [90m{"implicit":30000}[39m
[debug] [35m[W3C (294381e7)][39m Calling AppiumDriver.timeouts() with args: [null,null,null,null,30000,"294381e7-0c32-4418-b284-d65c3755c505"]
[debug] [35m[BaseDriver][39m W3C timeout argument: {"implicit":30000}}
[debug] [35m[BaseDriver][39m Set implicit wait to 30000ms
[debug] [35m[W3C (294381e7)][39m Responding to client with driver.timeouts() result: null
[35m[HTTP][39m [37m<-- POST /wd/hub/session/294381e7-0c32-4418-b284-d65c3755c505/timeouts [39m[32m200[39m [90m1 ms - 14[39m
[35m[HTTP][39m [90m[39m
[35m[HTTP][39m [37m-->[39m [37mPOST[39m [37m/wd/hub/session/294381e7-0c32-4418-b284-d65c3755c505/element/00000000-0000-0505-ffff-ffff000001b6/clear[39m
[35m[HTTP][39m [90m{"id":"00000000-0000-0505-ffff-ffff000001b6"}[39m
[debug] [35m[W3C (294381e7)][39m Calling AppiumDriver.clear() with args: ["00000000-0000-0505-ffff-ffff000001b6","294381e7-0c32-4418-b284-d65c3755c505"]
[debug] [35m[WD Proxy][39m Matched '/element/00000000-0000-0505-ffff-ffff000001b6/clear' to command name 'clear'
[debug] [35m[WD Proxy][39m Proxying [POST /element/00000000-0000-0505-ffff-ffff000001b6/clear] to [POST http://127.0.0.1:51516/wd/hub/session/da4bdf4d-424e-408b-9e9a-9ce500406a7f/element/00000000-0000-0505-ffff-ffff000001b6/clear] with body: {"elementId":"00000000-0000-0505-ffff-ffff000001b6"}
[debug] [35m[WD Proxy][39m Got response with status 200: {"sessionId":"da4bdf4d-424e-408b-9e9a-9ce500406a7f","value":null}
[debug] [35m[W3C (294381e7)][39m Responding to client with driver.clear() result: null
[35m[HTTP][39m [37m<-- POST /wd/hub/session/294381e7-0c32-4418-b284-d65c3755c505/element/00000000-0000-0505-ffff-ffff000001b6/clear [39m[32m200[39m [90m12 ms - 14[39m
[35m[HTTP][39m [90m[39m
[35m[HTTP][39m [37m-->[39m [37mPOST[39m [37m/wd/hub/session/294381e7-0c32-4418-b284-d65c3755c505/element/00000000-0000-0505-ffff-ffff000001b6/value[39m
[35m[HTTP][39m [90m{"id":"00000000-0000-0505-ffff-ffff000001b6","text":"password","value":["p","a","s","s","w","o","r","d"]}[39m
[debug] [35m[W3C (294381e7)][39m Calling AppiumDriver.setValue() with args: [["p","a","s","s","w","o","r","d"],"00000000-0000-0505-ffff-ffff000001b6","294381e7-0c32-4418-b284-d65c3755c505"]
[debug] [35m[WD Proxy][39m Matched '/element/00000000-0000-0505-ffff-ffff000001b6/value' to command name 'setValue'
[debug] [35m[Protocol Converter][39m Added 'value' property ["p","a","s","s","w","o","r","d"] to 'setValue' request body
[debug] [35m[WD Proxy][39m Proxying [POST /element/00000000-0000-0505-ffff-ffff000001b6/value] to [POST http://127.0.0.1:51516/wd/hub/session/da4bdf4d-424e-408b-9e9a-9ce500406a7f/element/00000000-0000-0505-ffff-ffff000001b6/value] with body: {"elementId":"00000000-0000-0505-ffff-ffff000001b6","text":"password","replace":false,"value":["p","a","s","s","w","o","r","d"]}
[debug] [35m[WD Proxy][39m Got response with status 200: {"sessionId":"da4bdf4d-424e-408b-9e9a-9ce500406a7f","value":null}
[debug] [35m[W3C (294381e7)][39m Responding to client with driver.setValue() result: null
[35m[HTTP][39m [37m<-- POST /wd/hub/session/294381e7-0c32-4418-b284-d65c3755c505/element/00000000-0000-0505-ffff-ffff000001b6/value [39m[32m200[39m [90m504 ms - 14[39m
[35m[HTTP][39m [90m[39m
[35m[HTTP][39m [37m-->[39m [37mPOST[39m [37m/wd/hub/session/294381e7-0c32-4418-b284-d65c3755c505/timeouts[39m
[35m[HTTP][39m [90m{"implicit":50}[39m
[debug] [35m[W3C (294381e7)][39m Calling AppiumDriver.timeouts() with args: [null,null,null,null,50,"294381e7-0c32-4418-b284-d65c3755c505"]
[debug] [35m[BaseDriver][39m W3C timeout argument: {"implicit":50}}
[debug] [35m[BaseDriver][39m Set implicit wait to 50ms
[debug] [35m[W3C (294381e7)][39m Responding to client with driver.timeouts() result: null
[35m[HTTP][39m [37m<-- POST /wd/hub/session/294381e7-0c32-4418-b284-d65c3755c505/timeouts [39m[32m200[39m [90m1 ms - 14[39m
[35m[HTTP][39m [90m[39m
[35m[HTTP][39m [37m-->[39m [37mGET[39m [37m/wd/hub/session/294381e7-0c32-4418-b284-d65c3755c505/window/rect[39m
[35m[HTTP][39m [90m{}[39m
[debug] [35m[W3C (294381e7)][39m Calling AppiumDriver.getWindowRect() with args: ["294381e7-0c32-4418-b284-d65c3755c505"]
[debug] [35m[WD Proxy][39m Matched '/window/current/size' to command name 'getWindowSize'
[debug] [35m[WD Proxy][39m Proxying [GET /window/current/size] to [GET http://127.0.0.1:51516/wd/hub/session/da4bdf4d-424e-408b-9e9a-9ce500406a7f/window/current/size] with no body
[debug] [35m[WD Proxy][39m Got response with status 200: {"sessionId":"da4bdf4d-424e-408b-9e9a-9ce500406a7f","value":{"height":2892,"width":1440}}
[debug] [35m[W3C (294381e7)][39m Responding to client with driver.getWindowRect() result: {"width":1440,"height":2892,"x":0,"y":0}
[35m[HTTP][39m [37m<-- GET /wd/hub/session/294381e7-0c32-4418-b284-d65c3755c505/window/rect [39m[32m200[39m [90m8 ms - 50[39m
[35m[HTTP][39m [90m[39m
[35m[HTTP][39m [37m-->[39m [37mPOST[39m [37m/wd/hub/session/294381e7-0c32-4418-b284-d65c3755c505/elements[39m
[35m[HTTP][39m [90m{"using":"xpath","value":"//*[@class = 'android.widget.TextView' and (@text = 'Login' or . = 'Login')]"}[39m
[debug] [35m[W3C (294381e7)][39m Calling AppiumDriver.findElements() with args: ["xpath","//*[@class = 'android.widget.TextView' and (@text = 'Login' or . = 'Login')]","294381e7-0c32-4418-b284-d65c3755c505"]
[debug] [35m[BaseDriver][39m Valid locator strategies for this request: xpath, id, class name, accessibility id, css selector, -android uiautomator
[debug] [35m[BaseDriver][39m Waiting up to 50 ms for condition
[debug] [35m[WD Proxy][39m Matched '/elements' to command name 'findElements'
[debug] [35m[WD Proxy][39m Proxying [POST /elements] to [POST http://127.0.0.1:51516/wd/hub/session/da4bdf4d-424e-408b-9e9a-9ce500406a7f/elements] with body: {"strategy":"xpath","selector":"//*[@class = 'android.widget.TextView' and (@text = 'Login' or . = 'Login')]","context":"","multiple":true}
[debug] [35m[WD Proxy][39m Got response with status 200: {"sessionId":"da4bdf4d-424e-408b-9e9a-9ce500406a7f","value":[{"ELEMENT":"00000000-0000-0505-ffff-ffff000001bd","element-6066-11e4-a52e-4f735466cecf":"00000000-0000-0505-ffff-ffff000001bd"}]}
[debug] [35m[W3C (294381e7)][39m Responding to client with driver.findElements() result: [{"element-6066-11e4-a52e-4f735466cecf":"00000000-0000-0505-ffff-ffff000001bd","ELEMENT":"00000000-0000-0505-ffff-ffff000001bd"}]
[35m[HTTP][39m [37m<-- POST /wd/hub/session/294381e7-0c32-4418-b284-d65c3755c505/elements [39m[32m200[39m [90m1131 ms - 139[39m
[35m[HTTP][39m [90m[39m
[35m[HTTP][39m [37m-->[39m [37mGET[39m [37m/wd/hub/session/294381e7-0c32-4418-b284-d65c3755c505/element/00000000-0000-0505-ffff-ffff000001bd/location[39m
[35m[HTTP][39m [90m{}[39m
[35m[W3C (294381e7)][39m Driver proxy active, passing request on via HTTP proxy
[debug] [35m[WD Proxy][39m Matched '/wd/hub/session/294381e7-0c32-4418-b284-d65c3755c505/element/00000000-0000-0505-ffff-ffff000001bd/location' to command name 'getLocation'
[debug] [35m[WD Proxy][39m Proxying [GET /wd/hub/session/294381e7-0c32-4418-b284-d65c3755c505/element/00000000-0000-0505-ffff-ffff000001bd/location] to [GET http://127.0.0.1:51516/wd/hub/session/da4bdf4d-424e-408b-9e9a-9ce500406a7f/element/00000000-0000-0505-ffff-ffff000001bd/location] with no body
[debug] [35m[WD Proxy][39m Got response with status 200: {"sessionId":"da4bdf4d-424e-408b-9e9a-9ce500406a7f","value":{"x":641,"y":1496}}
[35m[WD Proxy][39m Replacing sessionId da4bdf4d-424e-408b-9e9a-9ce500406a7f with 294381e7-0c32-4418-b284-d65c3755c505
[35m[HTTP][39m [37m<-- GET /wd/hub/session/294381e7-0c32-4418-b284-d65c3755c505/element/00000000-0000-0505-ffff-ffff000001bd/location [39m[32m200[39m [90m11 ms - 79[39m
[35m[HTTP][39m [90m[39m
[35m[HTTP][39m [37m-->[39m [37mPOST[39m [37m/wd/hub/session/294381e7-0c32-4418-b284-d65c3755c505/timeouts[39m
[35m[HTTP][39m [90m{"implicit":30000}[39m
[debug] [35m[W3C (294381e7)][39m Calling AppiumDriver.timeouts() with args: [null,null,null,null,30000,"294381e7-0c32-4418-b284-d65c3755c505"]
[debug] [35m[BaseDriver][39m W3C timeout argument: {"implicit":30000}}
[debug] [35m[BaseDriver][39m Set implicit wait to 30000ms
[debug] [35m[W3C (294381e7)][39m Responding to client with driver.timeouts() result: null
[35m[HTTP][39m [37m<-- POST /wd/hub/session/294381e7-0c32-4418-b284-d65c3755c505/timeouts [39m[32m200[39m [90m1 ms - 14[39m
[35m[HTTP][39m [90m[39m
[35m[HTTP][39m [37m-->[39m [37mPOST[39m [37m/wd/hub/session/294381e7-0c32-4418-b284-d65c3755c505/element/00000000-0000-0505-ffff-ffff000001bd/click[39m
[35m[HTTP][39m [90m{"id":"00000000-0000-0505-ffff-ffff000001bd"}[39m
[debug] [35m[W3C (294381e7)][39m Calling AppiumDriver.click() with args: ["00000000-0000-0505-ffff-ffff000001bd","294381e7-0c32-4418-b284-d65c3755c505"]
[debug] [35m[WD Proxy][39m Matched '/element/00000000-0000-0505-ffff-ffff000001bd/click' to command name 'click'
[debug] [35m[WD Proxy][39m Proxying [POST /element/00000000-0000-0505-ffff-ffff000001bd/click] to [POST http://127.0.0.1:51516/wd/hub/session/da4bdf4d-424e-408b-9e9a-9ce500406a7f/element/00000000-0000-0505-ffff-ffff000001bd/click] with body: {"element":"00000000-0000-0505-ffff-ffff000001bd"}
[debug] [35m[WD Proxy][39m Got response with status 200: {"sessionId":"da4bdf4d-424e-408b-9e9a-9ce500406a7f","value":null}
[debug] [35m[W3C (294381e7)][39m Responding to client with driver.click() result: null
[35m[HTTP][39m [37m<-- POST /wd/hub/session/294381e7-0c32-4418-b284-d65c3755c505/element/00000000-0000-0505-ffff-ffff000001bd/click [39m[32m200[39m [90m58 ms - 14[39m
[35m[HTTP][39m [90m[39m
[35m[HTTP][39m [37m-->[39m [37mPOST[39m [37m/wd/hub/session/294381e7-0c32-4418-b284-d65c3755c505/timeouts[39m
[35m[HTTP][39m [90m{"implicit":50}[39m
[debug] [35m[W3C (294381e7)][39m Calling AppiumDriver.timeouts() with args: [null,null,null,null,50,"294381e7-0c32-4418-b284-d65c3755c505"]
[debug] [35m[BaseDriver][39m W3C timeout argument: {"implicit":50}}
[debug] [35m[BaseDriver][39m Set implicit wait to 50ms
[debug] [35m[W3C (294381e7)][39m Responding to client with driver.timeouts() result: null
[35m[HTTP][39m [37m<-- POST /wd/hub/session/294381e7-0c32-4418-b284-d65c3755c505/timeouts [39m[32m200[39m [90m1 ms - 14[39m
[35m[HTTP][39m [90m[39m
[35m[HTTP][39m [37m-->[39m [37mGET[39m [37m/wd/hub/session/294381e7-0c32-4418-b284-d65c3755c505/window/rect[39m
[35m[HTTP][39m [90m{}[39m
[debug] [35m[W3C (294381e7)][39m Calling AppiumDriver.getWindowRect() with args: ["294381e7-0c32-4418-b284-d65c3755c505"]
[debug] [35m[WD Proxy][39m Matched '/window/current/size' to command name 'getWindowSize'
[debug] [35m[WD Proxy][39m Proxying [GET /window/current/size] to [GET http://127.0.0.1:51516/wd/hub/session/da4bdf4d-424e-408b-9e9a-9ce500406a7f/window/current/size] with no body
[debug] [35m[WD Proxy][39m Got response with status 200: {"sessionId":"da4bdf4d-424e-408b-9e9a-9ce500406a7f","value":{"height":2892,"width":1440}}
[debug] [35m[W3C (294381e7)][39m Responding to client with driver.getWindowRect() result: {"width":1440,"height":2892,"x":0,"y":0}
[35m[HTTP][39m [37m<-- GET /wd/hub/session/294381e7-0c32-4418-b284-d65c3755c505/window/rect [39m[32m200[39m [90m14 ms - 50[39m
[35m[HTTP][39m [90m[39m
[35m[HTTP][39m [37m-->[39m [37mPOST[39m [37m/wd/hub/session/294381e7-0c32-4418-b284-d65c3755c505/elements[39m
[35m[HTTP][39m [90m{"using":"xpath","value":"//*[@class = 'android.widget.TextView' and (@text = 'Invalid Credential' or . = 'Invalid Credential')]"}[39m
[debug] [35m[W3C (294381e7)][39m Calling AppiumDriver.findElements() with args: ["xpath","//*[@class = 'android.widget.TextView' and (@text = 'Invalid Credential' or . = 'Invalid Credential')]","294381e7-0c32-4418-b284-d65c3755c505"]
[debug] [35m[BaseDriver][39m Valid locator strategies for this request: xpath, id, class name, accessibility id, css selector, -android uiautomator
[debug] [35m[BaseDriver][39m Waiting up to 50 ms for condition
[debug] [35m[WD Proxy][39m Matched '/elements' to command name 'findElements'
[debug] [35m[WD Proxy][39m Proxying [POST /elements] to [POST http://127.0.0.1:51516/wd/hub/session/da4bdf4d-424e-408b-9e9a-9ce500406a7f/elements] with body: {"strategy":"xpath","selector":"//*[@class = 'android.widget.TextView' and (@text = 'Invalid Credential' or . = 'Invalid Credential')]","context":"","multiple":true}
[debug] [35m[WD Proxy][39m Got response with status 200: {"sessionId":"da4bdf4d-424e-408b-9e9a-9ce500406a7f","value":[]}
[debug] [35m[W3C (294381e7)][39m Responding to client with driver.findElements() result: []
[35m[HTTP][39m [37m<-- POST /wd/hub/session/294381e7-0c32-4418-b284-d65c3755c505/elements [39m[32m200[39m [90m261 ms - 12[39m
[35m[HTTP][39m [90m[39m
[35m[HTTP][39m [37m-->[39m [37mPOST[39m [37m/wd/hub/session/294381e7-0c32-4418-b284-d65c3755c505/elements[39m
[35m[HTTP][39m [90m{"using":"xpath","value":"//*[@class = 'android.widget.TextView' and (@text = 'Invalid Credential' or . = 'Invalid Credential')]"}[39m
[debug] [35m[W3C (294381e7)][39m Calling AppiumDriver.findElements() with args: ["xpath","//*[@class = 'android.widget.TextView' and (@text = 'Invalid Credential' or . = 'Invalid Credential')]","294381e7-0c32-4418-b284-d65c3755c505"]
[debug] [35m[BaseDriver][39m Valid locator strategies for this request: xpath, id, class name, accessibility id, css selector, -android uiautomator
[debug] [35m[BaseDriver][39m Waiting up to 50 ms for condition
[debug] [35m[WD Proxy][39m Matched '/elements' to command name 'findElements'
[debug] [35m[WD Proxy][39m Proxying [POST /elements] to [POST http://127.0.0.1:51516/wd/hub/session/da4bdf4d-424e-408b-9e9a-9ce500406a7f/elements] with body: {"strategy":"xpath","selector":"//*[@class = 'android.widget.TextView' and (@text = 'Invalid Credential' or . = 'Invalid Credential')]","context":"","multiple":true}
[debug] [35m[WD Proxy][39m Got response with status 200: {"sessionId":"da4bdf4d-424e-408b-9e9a-9ce500406a7f","value":[{"ELEMENT":"00000000-0000-0506-ffff-ffff000001f2","element-6066-11e4-a52e-4f735466cecf":"00000000-0000-0506-ffff-ffff000001f2"}]}
[debug] [35m[W3C (294381e7)][39m Responding to client with driver.findElements() result: [{"element-6066-11e4-a52e-4f735466cecf":"00000000-0000-0506-ffff-ffff000001f2","ELEMENT":"00000000-0000-0506-ffff-ffff000001f2"}]
[35m[HTTP][39m [37m<-- POST /wd/hub/session/294381e7-0c32-4418-b284-d65c3755c505/elements [39m[32m200[39m [90m626 ms - 139[39m
[35m[HTTP][39m [90m[39m
[35m[HTTP][39m [37m-->[39m [37mGET[39m [37m/wd/hub/session/294381e7-0c32-4418-b284-d65c3755c505/element/00000000-0000-0506-ffff-ffff000001f2/location[39m
[35m[HTTP][39m [90m{}[39m
[35m[W3C (294381e7)][39m Driver proxy active, passing request on via HTTP proxy
[debug] [35m[WD Proxy][39m Matched '/wd/hub/session/294381e7-0c32-4418-b284-d65c3755c505/element/00000000-0000-0506-ffff-ffff000001f2/location' to command name 'getLocation'
[debug] [35m[WD Proxy][39m Proxying [GET /wd/hub/session/294381e7-0c32-4418-b284-d65c3755c505/element/00000000-0000-0506-ffff-ffff000001f2/location] to [GET http://127.0.0.1:51516/wd/hub/session/da4bdf4d-424e-408b-9e9a-9ce500406a7f/element/00000000-0000-0506-ffff-ffff000001f2/location] with no body
[debug] [35m[WD Proxy][39m Got response with status 200: {"sessionId":"da4bdf4d-424e-408b-9e9a-9ce500406a7f","value":{"x":379,"y":1675}}
[35m[WD Proxy][39m Replacing sessionId da4bdf4d-424e-408b-9e9a-9ce500406a7f with 294381e7-0c32-4418-b284-d65c3755c505
[35m[HTTP][39m [37m<-- GET /wd/hub/session/294381e7-0c32-4418-b284-d65c3755c505/element/00000000-0000-0506-ffff-ffff000001f2/location [39m[32m200[39m [90m10 ms - 79[39m
[35m[HTTP][39m [90m[39m
[35m[HTTP][39m [37m-->[39m [37mPOST[39m [37m/wd/hub/session/294381e7-0c32-4418-b284-d65c3755c505/timeouts[39m
[35m[HTTP][39m [90m{"implicit":30000}[39m
[debug] [35m[W3C (294381e7)][39m Calling AppiumDriver.timeouts() with args: [null,null,null,null,30000,"294381e7-0c32-4418-b284-d65c3755c505"]
[debug] [35m[BaseDriver][39m W3C timeout argument: {"implicit":30000}}
[debug] [35m[BaseDriver][39m Set implicit wait to 30000ms
[debug] [35m[W3C (294381e7)][39m Responding to client with driver.timeouts() result: null
[35m[HTTP][39m [37m<-- POST /wd/hub/session/294381e7-0c32-4418-b284-d65c3755c505/timeouts [39m[32m200[39m [90m1 ms - 14[39m
[35m[HTTP][39m [90m[39m
[35m[HTTP][39m [37m-->[39m [37mGET[39m [37m/wd/hub/session/294381e7-0c32-4418-b284-d65c3755c505/element/00000000-0000-0506-ffff-ffff000001f2/text[39m
[35m[HTTP][39m [90m{}[39m
[35m[W3C (294381e7)][39m Driver proxy active, passing request on via HTTP proxy
[debug] [35m[WD Proxy][39m Matched '/wd/hub/session/294381e7-0c32-4418-b284-d65c3755c505/element/00000000-0000-0506-ffff-ffff000001f2/text' to command name 'getText'
[debug] [35m[WD Proxy][39m Proxying [GET /wd/hub/session/294381e7-0c32-4418-b284-d65c3755c505/element/00000000-0000-0506-ffff-ffff000001f2/text] to [GET http://127.0.0.1:51516/wd/hub/session/da4bdf4d-424e-408b-9e9a-9ce500406a7f/element/00000000-0000-0506-ffff-ffff000001f2/text] with no body
[debug] [35m[WD Proxy][39m Got response with status 200: {"sessionId":"da4bdf4d-424e-408b-9e9a-9ce500406a7f","value":"Invalid Credential"}
[35m[WD Proxy][39m Replacing sessionId da4bdf4d-424e-408b-9e9a-9ce500406a7f with 294381e7-0c32-4418-b284-d65c3755c505
[35m[HTTP][39m [37m<-- GET /wd/hub/session/294381e7-0c32-4418-b284-d65c3755c505/element/00000000-0000-0506-ffff-ffff000001f2/text [39m[32m200[39m [90m8 ms - 81[39m
[35m[HTTP][39m [90m[39m
[35m[HTTP][39m [37m-->[39m [37mGET[39m [37m/wd/hub/session/294381e7-0c32-4418-b284-d65c3755c505/context[39m
[35m[HTTP][39m [90m{}[39m
[debug] [35m[W3C (294381e7)][39m Calling AppiumDriver.getCurrentContext() with args: ["294381e7-0c32-4418-b284-d65c3755c505"]
[debug] [35m[W3C (294381e7)][39m Responding to client with driver.getCurrentContext() result: "NATIVE_APP"
[35m[HTTP][39m [37m<-- GET /wd/hub/session/294381e7-0c32-4418-b284-d65c3755c505/context [39m[32m200[39m [90m1 ms - 22[39m
[35m[HTTP][39m [90m[39m
[35m[HTTP][39m [37m-->[39m [37mGET[39m [37m/wd/hub/session/294381e7-0c32-4418-b284-d65c3755c505/contexts[39m
[35m[HTTP][39m [90m{}[39m
[debug] [35m[W3C (294381e7)][39m Calling AppiumDriver.getContexts() with args: ["294381e7-0c32-4418-b284-d65c3755c505"]
[debug] [35m[AndroidDriver][39m Getting a list of available webviews
[debug] [35m[ADB][39m Running 'C:\Users\rizky\.katalon\tools\android_sdk\platform-tools\adb.exe -P 5037 -s emulator-5556 shell cat /proc/net/unix'
[debug] [35m[AndroidDriver][39m Found no active devtools sockets
[debug] [35m[AndroidDriver][39m Other sockets are: [
[debug] [35m[AndroidDriver][39m   "0000000000000000: 00000003 00000000 00000000 0005 03 352549 @jdwp-control",
[debug] [35m[AndroidDriver][39m   "0000000000000000: 00000003 00000000 00000000 0005 03 36669 @jdwp-control",
[debug] [35m[AndroidDriver][39m   "0000000000000000: 00000003 00000000 00000000 0005 03 390739 @jdwp-control",
[debug] [35m[AndroidDriver][39m   "0000000000000000: 00000003 00000000 00000000 0005 03 64097 @jdwp-control",
[debug] [35m[AndroidDriver][39m   "0000000000000000: 00000003 00000000 00000000 0001 03 36893 @com.android.internal.os.WebViewZygoteInit/e754b256-6ef6-46bc-b320-397900a15cbf",
[debug] [35m[AndroidDriver][39m   "0000000000000000: 00000002 00000000 00010000 0001 01 36889 @com.android.internal.os.WebViewZygoteInit/e754b256-6ef6-46bc-b320-397900a15cbf",
[debug] [35m[AndroidDriver][39m   "0000000000000000: 00000002 00000000 00010000 0005 01 16206 @jdwp-control"
[debug] [35m[AndroidDriver][39m ]
[debug] [35m[AndroidDriver][39m Found 0 webviews: []
[debug] [35m[AndroidDriver][39m Available contexts: ["NATIVE_APP"]
[debug] [35m[W3C (294381e7)][39m Responding to client with driver.getContexts() result: ["NATIVE_APP"]
[35m[HTTP][39m [37m<-- GET /wd/hub/session/294381e7-0c32-4418-b284-d65c3755c505/contexts [39m[32m200[39m [90m37 ms - 24[39m
[35m[HTTP][39m [90m[39m
[35m[HTTP][39m [37m-->[39m [37mPOST[39m [37m/wd/hub/session/294381e7-0c32-4418-b284-d65c3755c505/context[39m
[35m[HTTP][39m [90m{"name":"NATIVE_APP"}[39m
[debug] [35m[W3C (294381e7)][39m Calling AppiumDriver.setContext() with args: ["NATIVE_APP","294381e7-0c32-4418-b284-d65c3755c505"]
[debug] [35m[W3C (294381e7)][39m Responding to client with driver.setContext() result: null
[35m[HTTP][39m [37m<-- POST /wd/hub/session/294381e7-0c32-4418-b284-d65c3755c505/context [39m[32m200[39m [90m1 ms - 14[39m
[35m[HTTP][39m [90m[39m
[35m[HTTP][39m [37m-->[39m [37mGET[39m [37m/wd/hub/session/294381e7-0c32-4418-b284-d65c3755c505/screenshot[39m
[35m[HTTP][39m [90m{}[39m
[debug] [35m[W3C (294381e7)][39m Calling AppiumDriver.getScreenshot() with args: ["294381e7-0c32-4418-b284-d65c3755c505"]
[debug] [35m[WD Proxy][39m Matched '/screenshot' to command name 'getScreenshot'
[debug] [35m[WD Proxy][39m Proxying [GET /screenshot] to [GET http://127.0.0.1:51516/wd/hub/session/da4bdf4d-424e-408b-9e9a-9ce500406a7f/screenshot] with no body
[debug] [35m[WD Proxy][39m Got response with status 200: {"sessionId":"da4bdf4d-424e-408b-9e9a-9ce500406a7f","value":"iVBORw0KGgoAAAANSUhEUgAABaAAAAwwCAYAAAAgXrdYAAAAAXNSR0IArs4c6QAAAARzQklUCAgI\nCHwIZIgAACAASURBVHic7N15cKT5fd/3z3P0feE+BxjMPbOz3F3uxb3I5ZJL0mISigwVSa5Yip2q\n2HLZsShFSlxRIjtKxVV2XElV4qjiOCEVMTIpKbosUaQoMTxWy2tJ7u5wjzkwB2YwwGBwo+/jeZ78\n0QMMGmcD6AfdwLxfVVskGk8/zw89Tz9ofH7f5/szfuWrr3kCAAAAAAAAAKDBzGYPAAAAAAAAAABw\nOBFAAwAAAAAAAAB8QQANAAAAAAAAAPAFATQAAAAAAAAAwBcE0AAAAAAAAAAAXxBAAwAAAAAAAAB8\nQQANAAAAAAAAAPAFATQAAAAAAAAAwBcE0AAAAAAAAAAAXxBAAwAAAAAAAAB8QQANAAAAAAAAAPAF\nATQAAAAAAAAAwBcE0AAAAAAAAAAAXxBAAwAAAAAAAAB8QQANAAAAAAAAAPAFATQAAAAAAAAAwBcE\n0AAAAAAAAAAAXxBAAwAAAAAAAAB8QQANAAAAAAAAAPAFATQAAAAAAAAAwBcE0AAAAAAAAAAAXxBA\nAwAAAAAAAAB8QQANAAAAAAAAAPAFATQAAAAAAAAAwBcE0AAAAAAAAAAAXxBAAwAAAAAAAAB8QQAN\nAAAAAAAAAPAFATQAAAAAAAAAwBcE0AAAAAAAAAAAXxBAAwAAAAAAAAB8QQANAAAAAAAAAPAFATQA\nAAAAAAAAwBcE0AAAAAAAAAAAXxBAAwAAAAAAAAB8QQANAAAAAAAAAPAFATQAAAAAAAAAwBcE0AAA\nAAAAAAAAXxBAAwAAAAAAAAB8QQANAAAAAAAAAPAFATQAAAAAAAAAwBcE0AAAAAAAAAAAXxBAAwAA\nAAAAAAB8QQANAAAAAAAAAPAF...
[debug] [35m[W3C (294381e7)][39m Responding to client with driver.getScreenshot() result: "iVBORw0KGgoAAAANSUhEUgAABaAAAAwwCAYAAAAgXrdYAAAAAXNSR0IArs4c6QAAAARzQklUCAgI\nCHwIZIgAACAASURBVHic7N15cKT5fd/3z3P0feE+BxjMPbOz3F3uxb3I5ZJL0mISigwVSa5Yip2q\n2HLZsShFSlxRIjtKxVV2XElV4qjiOCEVMTIpKbosUaQoMTxWy2tJ7u5wjzkwB2YwwGBwo+/jeZ78\n0QMMGmcD6AfdwLxfVVskGk8/zw89Tz9ofH7f5/szfuWrr3kCAAAAAAAAAKDBzGYPAAAAAAAAAABw\nOBFAAwAAAAAAAAB8QQANAAAAAAAAAPAFATQAAAAAAAAAwBcE0AAAAAAAAAAAXxBAAwAAAAAAAAB8\nQQANAAAAAAAAAPAFATQAAAAAAAAAwBcE0AAAAAAAAAAAXxBAAwAAAAAAAAB8QQANAAAAAAAAAPAF\nATQAAAAAAAAAwBcE0AAAAAAAAAAAXxBAAwAAAAAAAAB8QQANAAAAAAAAAPAFATQAAAAAAAAAwBcE\n0AAAAAAAAAAAXxBAAwAAAAAAAAB8QQANAAAAAAAAAPAFATQAAAAAAAAAwBcE0AAAAAAAAAAAXxBA\nAwAAAAAAAAB8QQANAAAAAAAAAPAFATQAAAAAAAAAwBcE0AAAAAAAAAAAXxBAAwAAAAAAAAB8QQAN\nAAAAAAAAAPAFATQAAAAAAAAAwBcE0AAAAAAAAAAAXxBAAwAAAAAAAAB8QQANAAAAAAAAAPAFATQA\nAAAAAAAAwBcE0AAAAAAAAAAAXxBAAwAAAAAAAAB8QQANAAAAAAAAAPAFATQAAAAAAAAAwBcE0AAA\nAAAAAAAAXxBAAwAAAAAAAAB8QQANAAAAAAAAAPAFATQAAAAAAAAAwBcE0AAAAAAAAAAAXxBAAwAA\nAAAAAAB8QQANAAAAAAAAAPAFATQAAAAAAAAAwBcE0AAAAAAAAAAAXxBAAwAAAAAAAAB8YTd7AAD2\nhyEpGQ...
[35m[HTTP][39m [37m<-- GET /wd/hub/session/294381e7-0c32-4418-b284-d65c3755c505/screenshot [39m[32m200[39m [90m305 ms - 258858[39m
[35m[HTTP][39m [90m[39m
[35m[HTTP][39m [37m-->[39m [37mPOST[39m [37m/wd/hub/session/294381e7-0c32-4418-b284-d65c3755c505/context[39m
[35m[HTTP][39m [90m{"name":"NATIVE_APP"}[39m
[debug] [35m[W3C (294381e7)][39m Calling AppiumDriver.setContext() with args: ["NATIVE_APP","294381e7-0c32-4418-b284-d65c3755c505"]
[debug] [35m[W3C (294381e7)][39m Responding to client with driver.setContext() result: null
[35m[HTTP][39m [37m<-- POST /wd/hub/session/294381e7-0c32-4418-b284-d65c3755c505/context [39m[32m200[39m [90m1 ms - 14[39m
[35m[HTTP][39m [90m[39m
[35m[HTTP][39m [37m-->[39m [37mDELETE[39m [37m/wd/hub/session/294381e7-0c32-4418-b284-d65c3755c505[39m
[35m[HTTP][39m [90m{}[39m
[debug] [35m[W3C (294381e7)][39m Calling AppiumDriver.deleteSession() with args: ["294381e7-0c32-4418-b284-d65c3755c505"]
[debug] [35m[BaseDriver][39m Event 'quitSessionRequested' logged at 1692112728403 (22:18:48 GMT+0700 (Western Indonesia Time))
[35m[Appium][39m Removing session 294381e7-0c32-4418-b284-d65c3755c505 from our master session list
[debug] [35m[UiAutomator2][39m Deleting UiAutomator2 session
[debug] [35m[UiAutomator2][39m Deleting UiAutomator2 server session
[debug] [35m[WD Proxy][39m Matched '/' to command name 'deleteSession'
[debug] [35m[WD Proxy][39m Proxying [DELETE /] to [DELETE http://127.0.0.1:51516/wd/hub/session/da4bdf4d-424e-408b-9e9a-9ce500406a7f] with no body
[debug] [35m[WD Proxy][39m Got response with status 200: {"sessionId":"da4bdf4d-424e-408b-9e9a-9ce500406a7f","value":null}
[debug] [35m[ADB][39m Running 'C:\Users\rizky\.katalon\tools\android_sdk\platform-tools\adb.exe -P 5037 -s emulator-5556 shell am force-stop com.codingid.codingidhive.betastaging'
[debug] [35m[UiAutomator2][39m Capability 'fullReset' set to 'true', Uninstalling 'com.codingid.codingidhive.betastaging'
[debug] [35m[ADB][39m Uninstalling com.codingid.codingidhive.betastaging
[debug] [35m[ADB][39m Getting install status for com.codingid.codingidhive.betastaging
[debug] [35m[ADB][39m Running 'C:\Users\rizky\.katalon\tools\android_sdk\platform-tools\adb.exe -P 5037 -s emulator-5556 shell dumpsys package com.codingid.codingidhive.betastaging'
[debug] [35m[ADB][39m 'com.codingid.codingidhive.betastaging' is installed
[debug] [35m[ADB][39m Running 'C:\Users\rizky\.katalon\tools\android_sdk\platform-tools\adb.exe -P 5037 -s emulator-5556 shell am force-stop com.codingid.codingidhive.betastaging'
[debug] [35m[ADB][39m Running 'C:\Users\rizky\.katalon\tools\android_sdk\platform-tools\adb.exe -P 5037 -s emulator-5556 uninstall com.codingid.codingidhive.betastaging'
[debug] [35m[ADB][39m 'adb uninstall com.codingid.codingidhive.betastaging' command output: Success
[35m[ADB][39m com.codingid.codingidhive.betastaging was successfully uninstalled
[debug] [35m[Logcat][39m Stopping logcat capture
[debug] [35m[ADB][39m Removing forwarded port socket connection: 51516 
[debug] [35m[ADB][39m Running 'C:\Users\rizky\.katalon\tools\android_sdk\platform-tools\adb.exe -P 5037 -s emulator-5556 forward --remove tcp:51516'
[35m[UiAutomator2][39m Restoring hidden api policy to the device default configuration
[debug] [35m[ADB][39m Running 'C:\Users\rizky\.katalon\tools\android_sdk\platform-tools\adb.exe -P 5037 -s emulator-5556 shell 'settings delete global hidden_api_policy_pre_p_apps;settings delete global hidden_api_policy_p_apps;settings delete global hidden_api_policy''
[debug] [35m[BaseDriver][39m Event 'quitSessionFinished' logged at 1692112729031 (22:18:49 GMT+0700 (Western Indonesia Time))
[debug] [35m[W3C (294381e7)][39m Received response: null
[debug] [35m[W3C (294381e7)][39m But deleting session, so not returning
[debug] [35m[W3C (294381e7)][39m Responding to client with driver.deleteSession() result: null
[35m[HTTP][39m [37m<-- DELETE /wd/hub/session/294381e7-0c32-4418-b284-d65c3755c505 [39m[32m200[39m [90m628 ms - 14[39m
[35m[HTTP][39m [90m[39m
